{"/home/alistair/mochi/apps/projects/web/src/api/endpoints.ts": {"path":"/home/alistair/mochi/apps/projects/web/src/api/endpoints.ts","statementMap":{"0":{"start":{"line":2,"column":18},"end":{"line":139,"column":null}},"1":{"start":{"line":11,"column":33},"end":{"line":11,"column":54}},"2":{"start":{"line":12,"column":35},"end":{"line":12,"column":58}},"3":{"start":{"line":13,"column":35},"end":{"line":13,"column":58}},"4":{"start":{"line":16,"column":36},"end":{"line":16,"column":60}},"5":{"start":{"line":17,"column":41},"end":{"line":17,"column":72}},"6":{"start":{"line":19,"column":6},"end":{"line":19,"column":42}},"7":{"start":{"line":21,"column":6},"end":{"line":21,"column":49}},"8":{"start":{"line":23,"column":6},"end":{"line":23,"column":49}},"9":{"start":{"line":25,"column":6},"end":{"line":25,"column":47}},"10":{"start":{"line":29,"column":6},"end":{"line":29,"column":49}},"11":{"start":{"line":31,"column":6},"end":{"line":31,"column":58}},"12":{"start":{"line":35,"column":6},"end":{"line":35,"column":48}},"13":{"start":{"line":37,"column":6},"end":{"line":37,"column":55}},"14":{"start":{"line":39,"column":6},"end":{"line":39,"column":55}},"15":{"start":{"line":43,"column":6},"end":{"line":43,"column":51}},"16":{"start":{"line":45,"column":6},"end":{"line":45,"column":58}},"17":{"start":{"line":47,"column":6},"end":{"line":47,"column":71}},"18":{"start":{"line":49,"column":6},"end":{"line":49,"column":71}},"19":{"start":{"line":53,"column":6},"end":{"line":53,"column":54}},"20":{"start":{"line":55,"column":6},"end":{"line":55,"column":61}},"21":{"start":{"line":61,"column":6},"end":{"line":61,"column":77}},"22":{"start":{"line":65,"column":6},"end":{"line":65,"column":51}},"23":{"start":{"line":69,"column":6},"end":{"line":69,"column":51}},"24":{"start":{"line":71,"column":6},"end":{"line":71,"column":55}},"25":{"start":{"line":73,"column":6},"end":{"line":73,"column":58}},"26":{"start":{"line":76,"column":34},"end":{"line":76,"column":56}},"27":{"start":{"line":77,"column":39},"end":{"line":77,"column":68}},"28":{"start":{"line":79,"column":6},"end":{"line":79,"column":45}},"29":{"start":{"line":81,"column":6},"end":{"line":81,"column":45}},"30":{"start":{"line":84,"column":34},"end":{"line":84,"column":56}},"31":{"start":{"line":85,"column":39},"end":{"line":85,"column":68}},"32":{"start":{"line":87,"column":6},"end":{"line":87,"column":45}},"33":{"start":{"line":89,"column":6},"end":{"line":89,"column":45}},"34":{"start":{"line":93,"column":6},"end":{"line":93,"column":48}},"35":{"start":{"line":95,"column":6},"end":{"line":95,"column":52}},"36":{"start":{"line":99,"column":6},"end":{"line":99,"column":45}},"37":{"start":{"line":101,"column":6},"end":{"line":101,"column":52}},"38":{"start":{"line":103,"column":6},"end":{"line":103,"column":53}},"39":{"start":{"line":105,"column":6},"end":{"line":105,"column":63}},"40":{"start":{"line":107,"column":6},"end":{"line":107,"column":63}},"41":{"start":{"line":111,"column":6},"end":{"line":111,"column":64}},"42":{"start":{"line":113,"column":6},"end":{"line":113,"column":71}},"43":{"start":{"line":115,"column":6},"end":{"line":115,"column":72}},"44":{"start":{"line":122,"column":6},"end":{"line":122,"column":83}},"45":{"start":{"line":129,"column":6},"end":{"line":129,"column":83}},"46":{"start":{"line":133,"column":44},"end":{"line":133,"column":79}},"47":{"start":{"line":135,"column":6},"end":{"line":135,"column":44}},"48":{"start":{"line":136,"column":40},"end":{"line":136,"column":71}},"49":{"start":{"line":137,"column":41},"end":{"line":137,"column":null}}},"fnMap":{"0":{"name":"(anonymous_0)","decl":{"start":{"line":11,"column":10},"end":{"line":11,"column":11}},"loc":{"start":{"line":11,"column":33},"end":{"line":11,"column":54}},"line":11},"1":{"name":"(anonymous_1)","decl":{"start":{"line":12,"column":12},"end":{"line":12,"column":13}},"loc":{"start":{"line":12,"column":35},"end":{"line":12,"column":58}},"line":12},"2":{"name":"(anonymous_2)","decl":{"start":{"line":13,"column":12},"end":{"line":13,"column":13}},"loc":{"start":{"line":13,"column":35},"end":{"line":13,"column":58}},"line":13},"3":{"name":"(anonymous_3)","decl":{"start":{"line":16,"column":13},"end":{"line":16,"column":14}},"loc":{"start":{"line":16,"column":36},"end":{"line":16,"column":60}},"line":16},"4":{"name":"(anonymous_4)","decl":{"start":{"line":17,"column":18},"end":{"line":17,"column":19}},"loc":{"start":{"line":17,"column":41},"end":{"line":17,"column":72}},"line":17},"5":{"name":"(anonymous_5)","decl":{"start":{"line":18,"column":12},"end":{"line":18,"column":13}},"loc":{"start":{"line":19,"column":6},"end":{"line":19,"column":42}},"line":19},"6":{"name":"(anonymous_6)","decl":{"start":{"line":20,"column":18},"end":{"line":20,"column":19}},"loc":{"start":{"line":21,"column":6},"end":{"line":21,"column":49}},"line":21},"7":{"name":"(anonymous_7)","decl":{"start":{"line":22,"column":18},"end":{"line":22,"column":19}},"loc":{"start":{"line":23,"column":6},"end":{"line":23,"column":49}},"line":23},"8":{"name":"(anonymous_8)","decl":{"start":{"line":24,"column":16},"end":{"line":24,"column":17}},"loc":{"start":{"line":25,"column":6},"end":{"line":25,"column":47}},"line":25},"9":{"name":"(anonymous_9)","decl":{"start":{"line":28,"column":15},"end":{"line":28,"column":16}},"loc":{"start":{"line":29,"column":6},"end":{"line":29,"column":49}},"line":29},"10":{"name":"(anonymous_10)","decl":{"start":{"line":30,"column":14},"end":{"line":30,"column":15}},"loc":{"start":{"line":31,"column":6},"end":{"line":31,"column":58}},"line":31},"11":{"name":"(anonymous_11)","decl":{"start":{"line":34,"column":11},"end":{"line":34,"column":12}},"loc":{"start":{"line":35,"column":6},"end":{"line":35,"column":48}},"line":35},"12":{"name":"(anonymous_12)","decl":{"start":{"line":36,"column":16},"end":{"line":36,"column":17}},"loc":{"start":{"line":37,"column":6},"end":{"line":37,"column":55}},"line":37},"13":{"name":"(anonymous_13)","decl":{"start":{"line":38,"column":16},"end":{"line":38,"column":17}},"loc":{"start":{"line":39,"column":6},"end":{"line":39,"column":55}},"line":39},"14":{"name":"(anonymous_14)","decl":{"start":{"line":42,"column":14},"end":{"line":42,"column":15}},"loc":{"start":{"line":43,"column":6},"end":{"line":43,"column":51}},"line":43},"15":{"name":"(anonymous_15)","decl":{"start":{"line":44,"column":19},"end":{"line":44,"column":20}},"loc":{"start":{"line":45,"column":6},"end":{"line":45,"column":58}},"line":45},"16":{"name":"(anonymous_16)","decl":{"start":{"line":46,"column":19},"end":{"line":46,"column":20}},"loc":{"start":{"line":47,"column":6},"end":{"line":47,"column":71}},"line":47},"17":{"name":"(anonymous_17)","decl":{"start":{"line":48,"column":19},"end":{"line":48,"column":20}},"loc":{"start":{"line":49,"column":6},"end":{"line":49,"column":71}},"line":49},"18":{"name":"(anonymous_18)","decl":{"start":{"line":52,"column":17},"end":{"line":52,"column":18}},"loc":{"start":{"line":53,"column":6},"end":{"line":53,"column":54}},"line":53},"19":{"name":"(anonymous_19)","decl":{"start":{"line":54,"column":22},"end":{"line":54,"column":23}},"loc":{"start":{"line":55,"column":6},"end":{"line":55,"column":61}},"line":55},"20":{"name":"(anonymous_20)","decl":{"start":{"line":56,"column":22},"end":{"line":56,"column":null}},"loc":{"start":{"line":61,"column":6},"end":{"line":61,"column":77}},"line":61},"21":{"name":"(anonymous_21)","decl":{"start":{"line":64,"column":14},"end":{"line":64,"column":15}},"loc":{"start":{"line":65,"column":6},"end":{"line":65,"column":51}},"line":65},"22":{"name":"(anonymous_22)","decl":{"start":{"line":68,"column":14},"end":{"line":68,"column":15}},"loc":{"start":{"line":69,"column":6},"end":{"line":69,"column":51}},"line":69},"23":{"name":"(anonymous_23)","decl":{"start":{"line":70,"column":16},"end":{"line":70,"column":17}},"loc":{"start":{"line":71,"column":6},"end":{"line":71,"column":55}},"line":71},"24":{"name":"(anonymous_24)","decl":{"start":{"line":72,"column":19},"end":{"line":72,"column":20}},"loc":{"start":{"line":73,"column":6},"end":{"line":73,"column":58}},"line":73},"25":{"name":"(anonymous_25)","decl":{"start":{"line":76,"column":11},"end":{"line":76,"column":12}},"loc":{"start":{"line":76,"column":34},"end":{"line":76,"column":56}},"line":76},"26":{"name":"(anonymous_26)","decl":{"start":{"line":77,"column":16},"end":{"line":77,"column":17}},"loc":{"start":{"line":77,"column":39},"end":{"line":77,"column":68}},"line":77},"27":{"name":"(anonymous_27)","decl":{"start":{"line":78,"column":16},"end":{"line":78,"column":17}},"loc":{"start":{"line":79,"column":6},"end":{"line":79,"column":45}},"line":79},"28":{"name":"(anonymous_28)","decl":{"start":{"line":80,"column":16},"end":{"line":80,"column":17}},"loc":{"start":{"line":81,"column":6},"end":{"line":81,"column":45}},"line":81},"29":{"name":"(anonymous_29)","decl":{"start":{"line":84,"column":11},"end":{"line":84,"column":12}},"loc":{"start":{"line":84,"column":34},"end":{"line":84,"column":56}},"line":84},"30":{"name":"(anonymous_30)","decl":{"start":{"line":85,"column":16},"end":{"line":85,"column":17}},"loc":{"start":{"line":85,"column":39},"end":{"line":85,"column":68}},"line":85},"31":{"name":"(anonymous_31)","decl":{"start":{"line":86,"column":16},"end":{"line":86,"column":17}},"loc":{"start":{"line":87,"column":6},"end":{"line":87,"column":45}},"line":87},"32":{"name":"(anonymous_32)","decl":{"start":{"line":88,"column":16},"end":{"line":88,"column":17}},"loc":{"start":{"line":89,"column":6},"end":{"line":89,"column":45}},"line":89},"33":{"name":"(anonymous_33)","decl":{"start":{"line":92,"column":15},"end":{"line":92,"column":16}},"loc":{"start":{"line":93,"column":6},"end":{"line":93,"column":48}},"line":93},"34":{"name":"(anonymous_34)","decl":{"start":{"line":94,"column":18},"end":{"line":94,"column":19}},"loc":{"start":{"line":95,"column":6},"end":{"line":95,"column":52}},"line":95},"35":{"name":"(anonymous_35)","decl":{"start":{"line":98,"column":12},"end":{"line":98,"column":13}},"loc":{"start":{"line":99,"column":6},"end":{"line":99,"column":45}},"line":99},"36":{"name":"(anonymous_36)","decl":{"start":{"line":100,"column":17},"end":{"line":100,"column":18}},"loc":{"start":{"line":101,"column":6},"end":{"line":101,"column":52}},"line":101},"37":{"name":"(anonymous_37)","decl":{"start":{"line":102,"column":18},"end":{"line":102,"column":19}},"loc":{"start":{"line":103,"column":6},"end":{"line":103,"column":53}},"line":103},"38":{"name":"(anonymous_38)","decl":{"start":{"line":104,"column":17},"end":{"line":104,"column":18}},"loc":{"start":{"line":105,"column":6},"end":{"line":105,"column":63}},"line":105},"39":{"name":"(anonymous_39)","decl":{"start":{"line":106,"column":17},"end":{"line":106,"column":18}},"loc":{"start":{"line":107,"column":6},"end":{"line":107,"column":63}},"line":107},"40":{"name":"(anonymous_40)","decl":{"start":{"line":110,"column":13},"end":{"line":110,"column":14}},"loc":{"start":{"line":111,"column":6},"end":{"line":111,"column":64}},"line":111},"41":{"name":"(anonymous_41)","decl":{"start":{"line":112,"column":18},"end":{"line":112,"column":19}},"loc":{"start":{"line":113,"column":6},"end":{"line":113,"column":71}},"line":113},"42":{"name":"(anonymous_42)","decl":{"start":{"line":114,"column":19},"end":{"line":114,"column":20}},"loc":{"start":{"line":115,"column":6},"end":{"line":115,"column":72}},"line":115},"43":{"name":"(anonymous_43)","decl":{"start":{"line":116,"column":18},"end":{"line":116,"column":null}},"loc":{"start":{"line":122,"column":6},"end":{"line":122,"column":83}},"line":122},"44":{"name":"(anonymous_44)","decl":{"start":{"line":123,"column":18},"end":{"line":123,"column":null}},"loc":{"start":{"line":129,"column":6},"end":{"line":129,"column":83}},"line":129},"45":{"name":"(anonymous_45)","decl":{"start":{"line":133,"column":24},"end":{"line":133,"column":25}},"loc":{"start":{"line":133,"column":44},"end":{"line":133,"column":79}},"line":133},"46":{"name":"(anonymous_46)","decl":{"start":{"line":134,"column":26},"end":{"line":134,"column":27}},"loc":{"start":{"line":135,"column":6},"end":{"line":135,"column":44}},"line":135},"47":{"name":"(anonymous_47)","decl":{"start":{"line":136,"column":20},"end":{"line":136,"column":21}},"loc":{"start":{"line":136,"column":40},"end":{"line":136,"column":71}},"line":136},"48":{"name":"(anonymous_48)","decl":{"start":{"line":137,"column":21},"end":{"line":137,"column":22}},"loc":{"start":{"line":137,"column":41},"end":{"line":137,"column":null}},"line":137}},"branchMap":{},"s":{"0":2,"1":2,"2":2,"3":2,"4":5,"5":3,"6":2,"7":2,"8":2,"9":2,"10":2,"11":2,"12":1,"13":1,"14":1,"15":2,"16":3,"17":2,"18":2,"19":1,"20":0,"21":1,"22":2,"23":2,"24":2,"25":2,"26":2,"27":2,"28":2,"29":2,"30":2,"31":2,"32":2,"33":2,"34":1,"35":2,"36":2,"37":2,"38":2,"39":2,"40":2,"41":2,"42":2,"43":1,"44":2,"45":2,"46":2,"47":3,"48":2,"49":2},"f":{"0":2,"1":2,"2":2,"3":5,"4":3,"5":2,"6":2,"7":2,"8":2,"9":2,"10":2,"11":1,"12":1,"13":1,"14":2,"15":3,"16":2,"17":2,"18":1,"19":0,"20":1,"21":2,"22":2,"23":2,"24":2,"25":2,"26":2,"27":2,"28":2,"29":2,"30":2,"31":2,"32":2,"33":1,"34":2,"35":2,"36":2,"37":2,"38":2,"39":2,"40":2,"41":2,"42":1,"43":2,"44":2,"45":2,"46":3,"47":2,"48":2},"b":{},"meta":{"lastBranch":0,"lastFunction":49,"lastStatement":50,"seen":{"s:2:18:139:Infinity":0,"f:11:10:11:11":0,"s:11:33:11:54":1,"f:12:12:12:13":1,"s:12:35:12:58":2,"f:13:12:13:13":2,"s:13:35:13:58":3,"f:16:13:16:14":3,"s:16:36:16:60":4,"f:17:18:17:19":4,"s:17:41:17:72":5,"f:18:12:18:13":5,"s:19:6:19:42":6,"f:20:18:20:19":6,"s:21:6:21:49":7,"f:22:18:22:19":7,"s:23:6:23:49":8,"f:24:16:24:17":8,"s:25:6:25:47":9,"f:28:15:28:16":9,"s:29:6:29:49":10,"f:30:14:30:15":10,"s:31:6:31:58":11,"f:34:11:34:12":11,"s:35:6:35:48":12,"f:36:16:36:17":12,"s:37:6:37:55":13,"f:38:16:38:17":13,"s:39:6:39:55":14,"f:42:14:42:15":14,"s:43:6:43:51":15,"f:44:19:44:20":15,"s:45:6:45:58":16,"f:46:19:46:20":16,"s:47:6:47:71":17,"f:48:19:48:20":17,"s:49:6:49:71":18,"f:52:17:52:18":18,"s:53:6:53:54":19,"f:54:22:54:23":19,"s:55:6:55:61":20,"f:56:22:56:Infinity":20,"s:61:6:61:77":21,"f:64:14:64:15":21,"s:65:6:65:51":22,"f:68:14:68:15":22,"s:69:6:69:51":23,"f:70:16:70:17":23,"s:71:6:71:55":24,"f:72:19:72:20":24,"s:73:6:73:58":25,"f:76:11:76:12":25,"s:76:34:76:56":26,"f:77:16:77:17":26,"s:77:39:77:68":27,"f:78:16:78:17":27,"s:79:6:79:45":28,"f:80:16:80:17":28,"s:81:6:81:45":29,"f:84:11:84:12":29,"s:84:34:84:56":30,"f:85:16:85:17":30,"s:85:39:85:68":31,"f:86:16:86:17":31,"s:87:6:87:45":32,"f:88:16:88:17":32,"s:89:6:89:45":33,"f:92:15:92:16":33,"s:93:6:93:48":34,"f:94:18:94:19":34,"s:95:6:95:52":35,"f:98:12:98:13":35,"s:99:6:99:45":36,"f:100:17:100:18":36,"s:101:6:101:52":37,"f:102:18:102:19":37,"s:103:6:103:53":38,"f:104:17:104:18":38,"s:105:6:105:63":39,"f:106:17:106:18":39,"s:107:6:107:63":40,"f:110:13:110:14":40,"s:111:6:111:64":41,"f:112:18:112:19":41,"s:113:6:113:71":42,"f:114:19:114:20":42,"s:115:6:115:72":43,"f:116:18:116:Infinity":43,"s:122:6:122:83":44,"f:123:18:123:Infinity":44,"s:129:6:129:83":45,"f:133:24:133:25":45,"s:133:44:133:79":46,"f:134:26:134:27":46,"s:135:6:135:44":47,"f:136:20:136:21":47,"s:136:40:136:71":48,"f:137:21:137:22":48,"s:137:41:137:Infinity":49}}}
,"/home/alistair/mochi/apps/projects/web/src/api/projects.ts": {"path":"/home/alistair/mochi/apps/projects/web/src/api/projects.ts","statementMap":{"0":{"start":{"line":229,"column":20},"end":{"line":820,"column":null}},"1":{"start":{"line":232,"column":4},"end":{"line":232,"column":null}},"2":{"start":{"line":237,"column":4},"end":{"line":237,"column":null}},"3":{"start":{"line":242,"column":4},"end":{"line":243,"column":null}},"4":{"start":{"line":251,"column":4},"end":{"line":253,"column":null}},"5":{"start":{"line":259,"column":4},"end":{"line":260,"column":null}},"6":{"start":{"line":269,"column":4},"end":{"line":271,"column":null}},"7":{"start":{"line":277,"column":4},"end":{"line":278,"column":null}},"8":{"start":{"line":289,"column":25},"end":{"line":289,"column":null}},"9":{"start":{"line":290,"column":4},"end":{"line":290,"column":null}},"10":{"start":{"line":290,"column":22},"end":{"line":290,"column":null}},"11":{"start":{"line":291,"column":4},"end":{"line":291,"column":null}},"12":{"start":{"line":291,"column":24},"end":{"line":291,"column":null}},"13":{"start":{"line":292,"column":4},"end":{"line":292,"column":null}},"14":{"start":{"line":292,"column":38},"end":{"line":292,"column":null}},"15":{"start":{"line":293,"column":18},"end":{"line":293,"column":null}},"16":{"start":{"line":295,"column":6},"end":{"line":295,"column":null}},"17":{"start":{"line":296,"column":4},"end":{"line":296,"column":null}},"18":{"start":{"line":304,"column":4},"end":{"line":306,"column":null}},"19":{"start":{"line":315,"column":4},"end":{"line":316,"column":null}},"20":{"start":{"line":326,"column":4},"end":{"line":328,"column":null}},"21":{"start":{"line":337,"column":4},"end":{"line":338,"column":null}},"22":{"start":{"line":348,"column":4},"end":{"line":350,"column":null}},"23":{"start":{"line":360,"column":4},"end":{"line":362,"column":null}},"24":{"start":{"line":373,"column":4},"end":{"line":375,"column":null}},"25":{"start":{"line":386,"column":4},"end":{"line":387,"column":null}},"26":{"start":{"line":398,"column":4},"end":{"line":400,"column":null}},"27":{"start":{"line":411,"column":4},"end":{"line":413,"column":null}},"28":{"start":{"line":424,"column":4},"end":{"line":425,"column":null}},"29":{"start":{"line":436,"column":4},"end":{"line":438,"column":null}},"30":{"start":{"line":449,"column":4},"end":{"line":451,"column":null}},"31":{"start":{"line":461,"column":4},"end":{"line":462,"column":null}},"32":{"start":{"line":473,"column":4},"end":{"line":474,"column":null}},"33":{"start":{"line":485,"column":4},"end":{"line":486,"column":null}},"34":{"start":{"line":496,"column":4},"end":{"line":497,"column":null}},"35":{"start":{"line":508,"column":4},"end":{"line":509,"column":null}},"36":{"start":{"line":518,"column":4},"end":{"line":520,"column":null}},"37":{"start":{"line":528,"column":4},"end":{"line":530,"column":null}},"38":{"start":{"line":537,"column":4},"end":{"line":538,"column":null}},"39":{"start":{"line":547,"column":4},"end":{"line":549,"column":null}},"40":{"start":{"line":559,"column":4},"end":{"line":561,"column":null}},"41":{"start":{"line":570,"column":4},"end":{"line":571,"column":null}},"42":{"start":{"line":579,"column":4},"end":{"line":580,"column":null}},"43":{"start":{"line":589,"column":4},"end":{"line":591,"column":null}},"44":{"start":{"line":601,"column":4},"end":{"line":603,"column":null}},"45":{"start":{"line":612,"column":4},"end":{"line":613,"column":null}},"46":{"start":{"line":624,"column":4},"end":{"line":625,"column":null}},"47":{"start":{"line":635,"column":4},"end":{"line":637,"column":null}},"48":{"start":{"line":648,"column":4},"end":{"line":649,"column":null}},"49":{"start":{"line":659,"column":4},"end":{"line":661,"column":null}},"50":{"start":{"line":672,"column":4},"end":{"line":674,"column":null}},"51":{"start":{"line":684,"column":4},"end":{"line":685,"column":null}},"52":{"start":{"line":695,"column":4},"end":{"line":697,"column":null}},"53":{"start":{"line":709,"column":4},"end":{"line":710,"column":null}},"54":{"start":{"line":721,"column":4},"end":{"line":723,"column":null}},"55":{"start":{"line":735,"column":4},"end":{"line":737,"column":null}},"56":{"start":{"line":748,"column":4},"end":{"line":749,"column":null}},"57":{"start":{"line":760,"column":4},"end":{"line":762,"column":null}},"58":{"start":{"line":770,"column":4},"end":{"line":771,"column":null}},"59":{"start":{"line":779,"column":4},"end":{"line":780,"column":null}},"60":{"start":{"line":790,"column":4},"end":{"line":792,"column":null}},"61":{"start":{"line":802,"column":4},"end":{"line":804,"column":null}},"62":{"start":{"line":815,"column":4},"end":{"line":817,"column":null}}},"fnMap":{"0":{"name":"(anonymous_0)","decl":{"start":{"line":231,"column":8},"end":{"line":231,"column":null}},"loc":{"start":{"line":231,"column":8},"end":{"line":233,"column":null}},"line":231},"1":{"name":"(anonymous_1)","decl":{"start":{"line":236,"column":13},"end":{"line":236,"column":null}},"loc":{"start":{"line":236,"column":13},"end":{"line":238,"column":null}},"line":236},"2":{"name":"(anonymous_2)","decl":{"start":{"line":241,"column":19},"end":{"line":241,"column":null}},"loc":{"start":{"line":241,"column":19},"end":{"line":245,"column":null}},"line":241},"3":{"name":"(anonymous_3)","decl":{"start":{"line":248,"column":10},"end":{"line":248,"column":null}},"loc":{"start":{"line":249,"column":4},"end":{"line":255,"column":null}},"line":249},"4":{"name":"(anonymous_4)","decl":{"start":{"line":258,"column":7},"end":{"line":258,"column":14}},"loc":{"start":{"line":258,"column":14},"end":{"line":262,"column":null}},"line":258},"5":{"name":"(anonymous_5)","decl":{"start":{"line":265,"column":10},"end":{"line":265,"column":null}},"loc":{"start":{"line":267,"column":4},"end":{"line":273,"column":null}},"line":267},"6":{"name":"(anonymous_6)","decl":{"start":{"line":276,"column":10},"end":{"line":276,"column":17}},"loc":{"start":{"line":276,"column":17},"end":{"line":280,"column":null}},"line":276},"7":{"name":"(anonymous_7)","decl":{"start":{"line":285,"column":15},"end":{"line":285,"column":null}},"loc":{"start":{"line":287,"column":4},"end":{"line":297,"column":null}},"line":287},"8":{"name":"(anonymous_8)","decl":{"start":{"line":300,"column":16},"end":{"line":300,"column":null}},"loc":{"start":{"line":302,"column":4},"end":{"line":308,"column":null}},"line":302},"9":{"name":"(anonymous_9)","decl":{"start":{"line":311,"column":13},"end":{"line":311,"column":null}},"loc":{"start":{"line":313,"column":4},"end":{"line":318,"column":null}},"line":313},"10":{"name":"(anonymous_10)","decl":{"start":{"line":321,"column":16},"end":{"line":321,"column":null}},"loc":{"start":{"line":324,"column":4},"end":{"line":330,"column":null}},"line":324},"11":{"name":"(anonymous_11)","decl":{"start":{"line":333,"column":16},"end":{"line":333,"column":null}},"loc":{"start":{"line":335,"column":4},"end":{"line":340,"column":null}},"line":335},"12":{"name":"(anonymous_12)","decl":{"start":{"line":343,"column":14},"end":{"line":343,"column":null}},"loc":{"start":{"line":346,"column":4},"end":{"line":352,"column":null}},"line":346},"13":{"name":"(anonymous_13)","decl":{"start":{"line":355,"column":13},"end":{"line":355,"column":null}},"loc":{"start":{"line":358,"column":4},"end":{"line":364,"column":null}},"line":358},"14":{"name":"(anonymous_14)","decl":{"start":{"line":367,"column":12},"end":{"line":367,"column":null}},"loc":{"start":{"line":371,"column":4},"end":{"line":377,"column":null}},"line":371},"15":{"name":"(anonymous_15)","decl":{"start":{"line":382,"column":13},"end":{"line":382,"column":null}},"loc":{"start":{"line":384,"column":4},"end":{"line":389,"column":null}},"line":384},"16":{"name":"(anonymous_16)","decl":{"start":{"line":392,"column":14},"end":{"line":392,"column":null}},"loc":{"start":{"line":396,"column":4},"end":{"line":402,"column":null}},"line":396},"17":{"name":"(anonymous_17)","decl":{"start":{"line":405,"column":14},"end":{"line":405,"column":null}},"loc":{"start":{"line":409,"column":4},"end":{"line":415,"column":null}},"line":409},"18":{"name":"(anonymous_18)","decl":{"start":{"line":420,"column":16},"end":{"line":420,"column":null}},"loc":{"start":{"line":422,"column":4},"end":{"line":427,"column":null}},"line":422},"19":{"name":"(anonymous_19)","decl":{"start":{"line":430,"column":17},"end":{"line":430,"column":null}},"loc":{"start":{"line":434,"column":4},"end":{"line":440,"column":null}},"line":434},"20":{"name":"(anonymous_20)","decl":{"start":{"line":443,"column":17},"end":{"line":443,"column":null}},"loc":{"start":{"line":447,"column":4},"end":{"line":453,"column":null}},"line":447},"21":{"name":"(anonymous_21)","decl":{"start":{"line":456,"column":17},"end":{"line":456,"column":null}},"loc":{"start":{"line":459,"column":4},"end":{"line":464,"column":null}},"line":459},"22":{"name":"(anonymous_22)","decl":{"start":{"line":469,"column":16},"end":{"line":469,"column":null}},"loc":{"start":{"line":471,"column":4},"end":{"line":476,"column":null}},"line":471},"23":{"name":"(anonymous_23)","decl":{"start":{"line":481,"column":19},"end":{"line":481,"column":null}},"loc":{"start":{"line":483,"column":4},"end":{"line":488,"column":null}},"line":483},"24":{"name":"(anonymous_24)","decl":{"start":{"line":491,"column":20},"end":{"line":491,"column":null}},"loc":{"start":{"line":494,"column":4},"end":{"line":499,"column":null}},"line":494},"25":{"name":"(anonymous_25)","decl":{"start":{"line":504,"column":16},"end":{"line":504,"column":null}},"loc":{"start":{"line":506,"column":4},"end":{"line":511,"column":null}},"line":506},"26":{"name":"(anonymous_26)","decl":{"start":{"line":514,"column":14},"end":{"line":514,"column":null}},"loc":{"start":{"line":516,"column":4},"end":{"line":521,"column":null}},"line":516},"27":{"name":"(anonymous_27)","decl":{"start":{"line":524,"column":17},"end":{"line":524,"column":null}},"loc":{"start":{"line":526,"column":4},"end":{"line":531,"column":null}},"line":526},"28":{"name":"(anonymous_28)","decl":{"start":{"line":536,"column":13},"end":{"line":536,"column":20}},"loc":{"start":{"line":536,"column":20},"end":{"line":540,"column":null}},"line":536},"29":{"name":"(anonymous_29)","decl":{"start":{"line":543,"column":14},"end":{"line":543,"column":null}},"loc":{"start":{"line":545,"column":4},"end":{"line":551,"column":null}},"line":545},"30":{"name":"(anonymous_30)","decl":{"start":{"line":554,"column":14},"end":{"line":554,"column":null}},"loc":{"start":{"line":557,"column":4},"end":{"line":563,"column":null}},"line":557},"31":{"name":"(anonymous_31)","decl":{"start":{"line":566,"column":14},"end":{"line":566,"column":null}},"loc":{"start":{"line":568,"column":4},"end":{"line":573,"column":null}},"line":568},"32":{"name":"(anonymous_32)","decl":{"start":{"line":578,"column":13},"end":{"line":578,"column":20}},"loc":{"start":{"line":578,"column":20},"end":{"line":582,"column":null}},"line":578},"33":{"name":"(anonymous_33)","decl":{"start":{"line":585,"column":14},"end":{"line":585,"column":null}},"loc":{"start":{"line":587,"column":4},"end":{"line":593,"column":null}},"line":587},"34":{"name":"(anonymous_34)","decl":{"start":{"line":596,"column":14},"end":{"line":596,"column":null}},"loc":{"start":{"line":599,"column":4},"end":{"line":605,"column":null}},"line":599},"35":{"name":"(anonymous_35)","decl":{"start":{"line":608,"column":14},"end":{"line":608,"column":null}},"loc":{"start":{"line":610,"column":4},"end":{"line":615,"column":null}},"line":610},"36":{"name":"(anonymous_36)","decl":{"start":{"line":620,"column":16},"end":{"line":620,"column":null}},"loc":{"start":{"line":622,"column":4},"end":{"line":627,"column":null}},"line":622},"37":{"name":"(anonymous_37)","decl":{"start":{"line":630,"column":16},"end":{"line":630,"column":null}},"loc":{"start":{"line":633,"column":4},"end":{"line":639,"column":null}},"line":633},"38":{"name":"(anonymous_38)","decl":{"start":{"line":644,"column":14},"end":{"line":644,"column":null}},"loc":{"start":{"line":646,"column":4},"end":{"line":651,"column":null}},"line":646},"39":{"name":"(anonymous_39)","decl":{"start":{"line":654,"column":15},"end":{"line":654,"column":null}},"loc":{"start":{"line":657,"column":4},"end":{"line":663,"column":null}},"line":657},"40":{"name":"(anonymous_40)","decl":{"start":{"line":666,"column":15},"end":{"line":666,"column":null}},"loc":{"start":{"line":670,"column":4},"end":{"line":676,"column":null}},"line":670},"41":{"name":"(anonymous_41)","decl":{"start":{"line":679,"column":15},"end":{"line":679,"column":null}},"loc":{"start":{"line":682,"column":4},"end":{"line":687,"column":null}},"line":682},"42":{"name":"(anonymous_42)","decl":{"start":{"line":690,"column":17},"end":{"line":690,"column":null}},"loc":{"start":{"line":693,"column":4},"end":{"line":699,"column":null}},"line":693},"43":{"name":"(anonymous_43)","decl":{"start":{"line":704,"column":15},"end":{"line":704,"column":null}},"loc":{"start":{"line":707,"column":4},"end":{"line":712,"column":null}},"line":707},"44":{"name":"(anonymous_44)","decl":{"start":{"line":715,"column":16},"end":{"line":715,"column":null}},"loc":{"start":{"line":719,"column":4},"end":{"line":725,"column":null}},"line":719},"45":{"name":"(anonymous_45)","decl":{"start":{"line":728,"column":16},"end":{"line":728,"column":null}},"loc":{"start":{"line":733,"column":4},"end":{"line":739,"column":null}},"line":733},"46":{"name":"(anonymous_46)","decl":{"start":{"line":742,"column":16},"end":{"line":742,"column":null}},"loc":{"start":{"line":746,"column":4},"end":{"line":751,"column":null}},"line":746},"47":{"name":"(anonymous_47)","decl":{"start":{"line":754,"column":18},"end":{"line":754,"column":null}},"loc":{"start":{"line":758,"column":4},"end":{"line":764,"column":null}},"line":758},"48":{"name":"(anonymous_48)","decl":{"start":{"line":769,"column":20},"end":{"line":769,"column":null}},"loc":{"start":{"line":769,"column":20},"end":{"line":773,"column":null}},"line":769},"49":{"name":"(anonymous_49)","decl":{"start":{"line":776,"column":25},"end":{"line":776,"column":null}},"loc":{"start":{"line":777,"column":4},"end":{"line":782,"column":null}},"line":777},"50":{"name":"(anonymous_50)","decl":{"start":{"line":785,"column":14},"end":{"line":785,"column":null}},"loc":{"start":{"line":788,"column":4},"end":{"line":794,"column":null}},"line":788},"51":{"name":"(anonymous_51)","decl":{"start":{"line":797,"column":11},"end":{"line":797,"column":null}},"loc":{"start":{"line":800,"column":4},"end":{"line":806,"column":null}},"line":800},"52":{"name":"(anonymous_52)","decl":{"start":{"line":809,"column":9},"end":{"line":809,"column":null}},"loc":{"start":{"line":813,"column":4},"end":{"line":819,"column":null}},"line":813}},"branchMap":{"0":{"loc":{"start":{"line":290,"column":4},"end":{"line":290,"column":null}},"type":"if","locations":[{"start":{"line":290,"column":4},"end":{"line":290,"column":null}},{"start":{},"end":{}}],"line":290},"1":{"loc":{"start":{"line":291,"column":4},"end":{"line":291,"column":null}},"type":"if","locations":[{"start":{"line":291,"column":4},"end":{"line":291,"column":null}},{"start":{},"end":{}}],"line":291},"2":{"loc":{"start":{"line":292,"column":4},"end":{"line":292,"column":null}},"type":"if","locations":[{"start":{"line":292,"column":4},"end":{"line":292,"column":null}},{"start":{},"end":{}}],"line":292},"3":{"loc":{"start":{"line":295,"column":47},"end":{"line":295,"column":70}},"type":"cond-expr","locations":[{"start":{"line":295,"column":55},"end":{"line":295,"column":66}},{"start":{"line":295,"column":69},"end":{"line":295,"column":70}}],"line":295}},"s":{"0":1,"1":1,"2":1,"3":1,"4":2,"5":1,"6":1,"7":1,"8":4,"9":4,"10":2,"11":4,"12":1,"13":4,"14":1,"15":4,"16":4,"17":4,"18":2,"19":1,"20":1,"21":1,"22":1,"23":1,"24":1,"25":1,"26":1,"27":1,"28":1,"29":2,"30":1,"31":1,"32":1,"33":1,"34":1,"35":1,"36":1,"37":1,"38":1,"39":1,"40":1,"41":1,"42":1,"43":1,"44":1,"45":1,"46":1,"47":2,"48":1,"49":1,"50":1,"51":1,"52":1,"53":1,"54":1,"55":1,"56":1,"57":1,"58":1,"59":1,"60":2,"61":1,"62":1},"f":{"0":1,"1":1,"2":1,"3":2,"4":1,"5":1,"6":1,"7":4,"8":2,"9":1,"10":1,"11":1,"12":1,"13":1,"14":1,"15":1,"16":1,"17":1,"18":1,"19":2,"20":1,"21":1,"22":1,"23":1,"24":1,"25":1,"26":1,"27":1,"28":1,"29":1,"30":1,"31":1,"32":1,"33":1,"34":1,"35":1,"36":1,"37":2,"38":1,"39":1,"40":1,"41":1,"42":1,"43":1,"44":1,"45":1,"46":1,"47":1,"48":1,"49":1,"50":2,"51":1,"52":1},"b":{"0":[2,2],"1":[1,3],"2":[1,3],"3":[3,1]},"meta":{"lastBranch":4,"lastFunction":53,"lastStatement":63,"seen":{"s:229:20:820:Infinity":0,"f:231:8:231:Infinity":0,"s:232:4:232:Infinity":1,"f:236:13:236:Infinity":1,"s:237:4:237:Infinity":2,"f:241:19:241:Infinity":2,"s:242:4:243:Infinity":3,"f:248:10:248:Infinity":3,"s:251:4:253:Infinity":4,"f:258:7:258:14":4,"s:259:4:260:Infinity":5,"f:265:10:265:Infinity":5,"s:269:4:271:Infinity":6,"f:276:10:276:17":6,"s:277:4:278:Infinity":7,"f:285:15:285:Infinity":7,"s:289:25:289:Infinity":8,"b:290:4:290:Infinity:undefined:undefined:undefined:undefined":0,"s:290:4:290:Infinity":9,"s:290:22:290:Infinity":10,"b:291:4:291:Infinity:undefined:undefined:undefined:undefined":1,"s:291:4:291:Infinity":11,"s:291:24:291:Infinity":12,"b:292:4:292:Infinity:undefined:undefined:undefined:undefined":2,"s:292:4:292:Infinity":13,"s:292:38:292:Infinity":14,"s:293:18:293:Infinity":15,"s:295:6:295:Infinity":16,"b:295:55:295:66:295:69:295:70":3,"s:296:4:296:Infinity":17,"f:300:16:300:Infinity":8,"s:304:4:306:Infinity":18,"f:311:13:311:Infinity":9,"s:315:4:316:Infinity":19,"f:321:16:321:Infinity":10,"s:326:4:328:Infinity":20,"f:333:16:333:Infinity":11,"s:337:4:338:Infinity":21,"f:343:14:343:Infinity":12,"s:348:4:350:Infinity":22,"f:355:13:355:Infinity":13,"s:360:4:362:Infinity":23,"f:367:12:367:Infinity":14,"s:373:4:375:Infinity":24,"f:382:13:382:Infinity":15,"s:386:4:387:Infinity":25,"f:392:14:392:Infinity":16,"s:398:4:400:Infinity":26,"f:405:14:405:Infinity":17,"s:411:4:413:Infinity":27,"f:420:16:420:Infinity":18,"s:424:4:425:Infinity":28,"f:430:17:430:Infinity":19,"s:436:4:438:Infinity":29,"f:443:17:443:Infinity":20,"s:449:4:451:Infinity":30,"f:456:17:456:Infinity":21,"s:461:4:462:Infinity":31,"f:469:16:469:Infinity":22,"s:473:4:474:Infinity":32,"f:481:19:481:Infinity":23,"s:485:4:486:Infinity":33,"f:491:20:491:Infinity":24,"s:496:4:497:Infinity":34,"f:504:16:504:Infinity":25,"s:508:4:509:Infinity":35,"f:514:14:514:Infinity":26,"s:518:4:520:Infinity":36,"f:524:17:524:Infinity":27,"s:528:4:530:Infinity":37,"f:536:13:536:20":28,"s:537:4:538:Infinity":38,"f:543:14:543:Infinity":29,"s:547:4:549:Infinity":39,"f:554:14:554:Infinity":30,"s:559:4:561:Infinity":40,"f:566:14:566:Infinity":31,"s:570:4:571:Infinity":41,"f:578:13:578:20":32,"s:579:4:580:Infinity":42,"f:585:14:585:Infinity":33,"s:589:4:591:Infinity":43,"f:596:14:596:Infinity":34,"s:601:4:603:Infinity":44,"f:608:14:608:Infinity":35,"s:612:4:613:Infinity":45,"f:620:16:620:Infinity":36,"s:624:4:625:Infinity":46,"f:630:16:630:Infinity":37,"s:635:4:637:Infinity":47,"f:644:14:644:Infinity":38,"s:648:4:649:Infinity":48,"f:654:15:654:Infinity":39,"s:659:4:661:Infinity":49,"f:666:15:666:Infinity":40,"s:672:4:674:Infinity":50,"f:679:15:679:Infinity":41,"s:684:4:685:Infinity":51,"f:690:17:690:Infinity":42,"s:695:4:697:Infinity":52,"f:704:15:704:Infinity":43,"s:709:4:710:Infinity":53,"f:715:16:715:Infinity":44,"s:721:4:723:Infinity":54,"f:728:16:728:Infinity":45,"s:735:4:737:Infinity":55,"f:742:16:742:Infinity":46,"s:748:4:749:Infinity":56,"f:754:18:754:Infinity":47,"s:760:4:762:Infinity":57,"f:769:20:769:Infinity":48,"s:770:4:771:Infinity":58,"f:776:25:776:Infinity":49,"s:779:4:780:Infinity":59,"f:785:14:785:Infinity":50,"s:790:4:792:Infinity":60,"f:797:11:797:Infinity":51,"s:802:4:804:Infinity":61,"f:809:9:809:Infinity":52,"s:815:4:817:Infinity":62}}}
,"/home/alistair/mochi/apps/projects/web/src/api/request.ts": {"path":"/home/alistair/mochi/apps/projects/web/src/api/request.ts","statementMap":{"0":{"start":{"line":8,"column":23},"end":{"line":15,"column":null}},"1":{"start":{"line":17,"column":0},"end":{"line":38,"column":null}},"2":{"start":{"line":19,"column":2},"end":{"line":19,"column":null}},"3":{"start":{"line":22,"column":2},"end":{"line":24,"column":null}},"4":{"start":{"line":23,"column":4},"end":{"line":23,"column":null}},"5":{"start":{"line":27,"column":21},"end":{"line":27,"column":50}},"6":{"start":{"line":28,"column":8},"end":{"line":28,"column":null}},"7":{"start":{"line":29,"column":16},"end":{"line":29,"column":null}},"8":{"start":{"line":31,"column":2},"end":{"line":35,"column":null}},"9":{"start":{"line":32,"column":4},"end":{"line":34,"column":null}},"10":{"start":{"line":37,"column":2},"end":{"line":37,"column":null}},"11":{"start":{"line":40,"column":31},"end":{"line":57,"column":null}},"12":{"start":{"line":45,"column":21},"end":{"line":45,"column":null}},"13":{"start":{"line":46,"column":4},"end":{"line":46,"column":null}},"14":{"start":{"line":54,"column":21},"end":{"line":54,"column":null}},"15":{"start":{"line":55,"column":4},"end":{"line":55,"column":null}}},"fnMap":{"0":{"name":"(anonymous_0)","decl":{"start":{"line":17,"column":40},"end":{"line":17,"column":41}},"loc":{"start":{"line":17,"column":41},"end":{"line":38,"column":null}},"line":17},"1":{"name":"(anonymous_1)","decl":{"start":{"line":41,"column":7},"end":{"line":41,"column":null}},"loc":{"start":{"line":43,"column":4},"end":{"line":47,"column":null}},"line":43},"2":{"name":"(anonymous_2)","decl":{"start":{"line":49,"column":8},"end":{"line":49,"column":null}},"loc":{"start":{"line":52,"column":4},"end":{"line":56,"column":null}},"line":52}},"branchMap":{"0":{"loc":{"start":{"line":22,"column":2},"end":{"line":24,"column":null}},"type":"if","locations":[{"start":{"line":22,"column":2},"end":{"line":24,"column":null}},{"start":{},"end":{}}],"line":22},"1":{"loc":{"start":{"line":29,"column":16},"end":{"line":29,"column":null}},"type":"binary-expr","locations":[{"start":{"line":29,"column":16},"end":{"line":29,"column":30}},{"start":{"line":29,"column":30},"end":{"line":29,"column":null}}],"line":29},"2":{"loc":{"start":{"line":31,"column":2},"end":{"line":35,"column":null}},"type":"if","locations":[{"start":{"line":31,"column":2},"end":{"line":35,"column":null}},{"start":{},"end":{}}],"line":31},"3":{"loc":{"start":{"line":32,"column":35},"end":{"line":34,"column":25}},"type":"cond-expr","locations":[{"start":{"line":33,"column":8},"end":{"line":33,"column":null}},{"start":{"line":34,"column":8},"end":{"line":34,"column":25}}],"line":32}},"s":{"0":0,"1":0,"2":0,"3":0,"4":0,"5":0,"6":0,"7":0,"8":0,"9":0,"10":0,"11":0,"12":0,"13":0,"14":0,"15":0},"f":{"0":0,"1":0,"2":0},"b":{"0":[0,0],"1":[0,0],"2":[0,0],"3":[0,0]},"meta":{"lastBranch":4,"lastFunction":3,"lastStatement":16,"seen":{"s:8:23:15:Infinity":0,"s:17:0:38:Infinity":1,"f:17:40:17:41":0,"s:19:2:19:Infinity":2,"b:22:2:24:Infinity:undefined:undefined:undefined:undefined":0,"s:22:2:24:Infinity":3,"s:23:4:23:Infinity":4,"s:27:21:27:50":5,"s:28:8:28:Infinity":6,"s:29:16:29:Infinity":7,"b:29:16:29:30:29:30:29:Infinity":1,"b:31:2:35:Infinity:undefined:undefined:undefined:undefined":2,"s:31:2:35:Infinity":8,"s:32:4:34:Infinity":9,"b:33:8:33:Infinity:34:8:34:25":3,"s:37:2:37:Infinity":10,"s:40:31:57:Infinity":11,"f:41:7:41:Infinity":1,"s:45:21:45:Infinity":12,"s:46:4:46:Infinity":13,"f:49:8:49:Infinity":2,"s:54:21:54:Infinity":14,"s:55:4:55:Infinity":15}}}
,"/home/alistair/mochi/apps/projects/web/src/components/keyboard-shortcuts-help.tsx": {"path":"/home/alistair/mochi/apps/projects/web/src/components/keyboard-shortcuts-help.tsx","statementMap":{"0":{"start":{"line":16,"column":18},"end":{"line":27,"column":null}},"1":{"start":{"line":33,"column":2},"end":{"line":42,"column":null}},"2":{"start":{"line":40,"column":26},"end":{"line":42,"column":null}}},"fnMap":{"0":{"name":"KeyboardShortcutsHelp","decl":{"start":{"line":29,"column":16},"end":{"line":29,"column":38}},"loc":{"start":{"line":32,"column":29},"end":{"line":57,"column":null}},"line":32},"1":{"name":"(anonymous_1)","decl":{"start":{"line":40,"column":25},"end":{"line":40,"column":26}},"loc":{"start":{"line":40,"column":26},"end":{"line":42,"column":null}},"line":40}},"branchMap":{},"s":{"0":0,"1":0,"2":0},"f":{"0":0,"1":0},"b":{},"meta":{"lastBranch":0,"lastFunction":2,"lastStatement":3,"seen":{"s:16:18:27:Infinity":0,"f:29:16:29:38":0,"s:33:2:42:Infinity":1,"f:40:25:40:26":1,"s:40:26:42:Infinity":2}}}
,"/home/alistair/mochi/apps/projects/web/src/components/layout/projects-layout.tsx": {"path":"/home/alistair/mochi/apps/projects/web/src/components/layout/projects-layout.tsx","statementMap":{"0":{"start":{"line":14,"column":8},"end":{"line":14,"column":null}},"1":{"start":{"line":14,"column":47},"end":{"line":14,"column":61}},"2":{"start":{"line":15,"column":8},"end":{"line":15,"column":null}},"3":{"start":{"line":15,"column":48},"end":{"line":15,"column":63}},"4":{"start":{"line":16,"column":8},"end":{"line":16,"column":null}},"5":{"start":{"line":16,"column":46},"end":{"line":16,"column":59}},"6":{"start":{"line":17,"column":65},"end":{"line":18,"column":null}},"7":{"start":{"line":20,"column":2},"end":{"line":22,"column":null}},"8":{"start":{"line":21,"column":4},"end":{"line":21,"column":null}},"9":{"start":{"line":24,"column":8},"end":{"line":68,"column":null}},"10":{"start":{"line":26,"column":27},"end":{"line":27,"column":null}},"11":{"start":{"line":27,"column":6},"end":{"line":27,"column":null}},"12":{"start":{"line":31,"column":36},"end":{"line":38,"column":null}},"13":{"start":{"line":32,"column":17},"end":{"line":32,"column":50}},"14":{"start":{"line":33,"column":6},"end":{"line":37,"column":null}},"15":{"start":{"line":40,"column":37},"end":{"line":44,"column":null}},"16":{"start":{"line":47,"column":32},"end":{"line":54,"column":null}},"17":{"start":{"line":56,"column":45},"end":{"line":65,"column":null}},"18":{"start":{"line":67,"column":4},"end":{"line":67,"column":null}},"19":{"start":{"line":70,"column":2},"end":{"line":81,"column":null}},"20":{"start":{"line":79,"column":10},"end":{"line":79,"column":null}},"21":{"start":{"line":79,"column":21},"end":{"line":79,"column":null}},"22":{"start":{"line":88,"column":2},"end":{"line":90,"column":null}}},"fnMap":{"0":{"name":"ProjectsLayoutInner","decl":{"start":{"line":13,"column":9},"end":{"line":13,"column":null}},"loc":{"start":{"line":13,"column":9},"end":{"line":85,"column":null}},"line":13},"1":{"name":"(anonymous_1)","decl":{"start":{"line":14,"column":36},"end":{"line":14,"column":37}},"loc":{"start":{"line":14,"column":47},"end":{"line":14,"column":61}},"line":14},"2":{"name":"(anonymous_2)","decl":{"start":{"line":15,"column":37},"end":{"line":15,"column":38}},"loc":{"start":{"line":15,"column":48},"end":{"line":15,"column":63}},"line":15},"3":{"name":"(anonymous_3)","decl":{"start":{"line":16,"column":35},"end":{"line":16,"column":36}},"loc":{"start":{"line":16,"column":46},"end":{"line":16,"column":59}},"line":16},"4":{"name":"(anonymous_4)","decl":{"start":{"line":20,"column":12},"end":{"line":20,"column":null}},"loc":{"start":{"line":20,"column":12},"end":{"line":22,"column":5}},"line":20},"5":{"name":"(anonymous_5)","decl":{"start":{"line":24,"column":43},"end":{"line":24,"column":null}},"loc":{"start":{"line":24,"column":43},"end":{"line":68,"column":5}},"line":24},"6":{"name":"(anonymous_6)","decl":{"start":{"line":26,"column":46},"end":{"line":26,"column":47}},"loc":{"start":{"line":27,"column":6},"end":{"line":27,"column":null}},"line":27},"7":{"name":"(anonymous_7)","decl":{"start":{"line":31,"column":55},"end":{"line":31,"column":56}},"loc":{"start":{"line":31,"column":56},"end":{"line":38,"column":null}},"line":31},"8":{"name":"(anonymous_8)","decl":{"start":{"line":78,"column":22},"end":{"line":78,"column":23}},"loc":{"start":{"line":78,"column":23},"end":{"line":80,"column":null}},"line":78},"9":{"name":"ProjectsLayout","decl":{"start":{"line":87,"column":16},"end":{"line":87,"column":null}},"loc":{"start":{"line":87,"column":16},"end":{"line":93,"column":null}},"line":87}},"branchMap":{"0":{"loc":{"start":{"line":32,"column":17},"end":{"line":32,"column":50}},"type":"binary-expr","locations":[{"start":{"line":32,"column":17},"end":{"line":32,"column":36}},{"start":{"line":32,"column":40},"end":{"line":32,"column":50}}],"line":32},"1":{"loc":{"start":{"line":74,"column":26},"end":{"line":74,"column":null}},"type":"binary-expr","locations":[{"start":{"line":74,"column":26},"end":{"line":74,"column":39}},{"start":{"line":74,"column":39},"end":{"line":74,"column":null}}],"line":74},"2":{"loc":{"start":{"line":79,"column":10},"end":{"line":79,"column":null}},"type":"if","locations":[{"start":{"line":79,"column":10},"end":{"line":79,"column":null}},{"start":{},"end":{}}],"line":79}},"s":{"0":0,"1":0,"2":0,"3":0,"4":0,"5":0,"6":0,"7":0,"8":0,"9":0,"10":0,"11":0,"12":0,"13":0,"14":0,"15":0,"16":0,"17":0,"18":0,"19":0,"20":0,"21":0,"22":0},"f":{"0":0,"1":0,"2":0,"3":0,"4":0,"5":0,"6":0,"7":0,"8":0,"9":0},"b":{"0":[0,0],"1":[0,0],"2":[0,0]},"meta":{"lastBranch":3,"lastFunction":10,"lastStatement":23,"seen":{"f:13:9:13:Infinity":0,"s:14:8:14:Infinity":0,"f:14:36:14:37":1,"s:14:47:14:61":1,"s:15:8:15:Infinity":2,"f:15:37:15:38":2,"s:15:48:15:63":3,"s:16:8:16:Infinity":4,"f:16:35:16:36":3,"s:16:46:16:59":5,"s:17:65:18:Infinity":6,"s:20:2:22:Infinity":7,"f:20:12:20:Infinity":4,"s:21:4:21:Infinity":8,"s:24:8:68:Infinity":9,"f:24:43:24:Infinity":5,"s:26:27:27:Infinity":10,"f:26:46:26:47":6,"s:27:6:27:Infinity":11,"s:31:36:38:Infinity":12,"f:31:55:31:56":7,"s:32:17:32:50":13,"b:32:17:32:36:32:40:32:50":0,"s:33:6:37:Infinity":14,"s:40:37:44:Infinity":15,"s:47:32:54:Infinity":16,"s:56:45:65:Infinity":17,"s:67:4:67:Infinity":18,"s:70:2:81:Infinity":19,"b:74:26:74:39:74:39:74:Infinity":1,"f:78:22:78:23":8,"b:79:10:79:Infinity:undefined:undefined:undefined:undefined":2,"s:79:10:79:Infinity":20,"s:79:21:79:Infinity":21,"f:87:16:87:Infinity":9,"s:88:2:90:Infinity":22}}}
,"/home/alistair/mochi/apps/projects/web/src/config/routes.ts": {"path":"/home/alistair/mochi/apps/projects/web/src/config/routes.ts","statementMap":{"0":{"start":{"line":1,"column":26},"end":{"line":7,"column":null}},"1":{"start":{"line":4,"column":26},"end":{"line":4,"column":34}}},"fnMap":{"0":{"name":"(anonymous_0)","decl":{"start":{"line":4,"column":10},"end":{"line":4,"column":11}},"loc":{"start":{"line":4,"column":26},"end":{"line":4,"column":34}},"line":4}},"branchMap":{},"s":{"0":0,"1":0},"f":{"0":0},"b":{},"meta":{"lastBranch":0,"lastFunction":1,"lastStatement":2,"seen":{"s:1:26:7:Infinity":0,"f:4:10:4:11":0,"s:4:26:4:34":1}}}
,"/home/alistair/mochi/apps/projects/web/src/context/sidebar-context.tsx": {"path":"/home/alistair/mochi/apps/projects/web/src/context/sidebar-context.tsx","statementMap":{"0":{"start":{"line":11,"column":6},"end":{"line":11,"column":null}},"1":{"start":{"line":14,"column":8},"end":{"line":14,"column":null}},"2":{"start":{"line":15,"column":20},"end":{"line":15,"column":64}},"3":{"start":{"line":17,"column":47},"end":{"line":17,"column":null}},"4":{"start":{"line":19,"column":27},"end":{"line":19,"column":null}},"5":{"start":{"line":19,"column":33},"end":{"line":19,"column":null}},"6":{"start":{"line":20,"column":28},"end":{"line":20,"column":null}},"7":{"start":{"line":20,"column":34},"end":{"line":20,"column":null}},"8":{"start":{"line":22,"column":2},"end":{"line":31,"column":null}},"9":{"start":{"line":37,"column":8},"end":{"line":37,"column":null}},"10":{"start":{"line":38,"column":2},"end":{"line":40,"column":null}},"11":{"start":{"line":39,"column":4},"end":{"line":39,"column":null}},"12":{"start":{"line":41,"column":2},"end":{"line":41,"column":null}}},"fnMap":{"0":{"name":"SidebarProvider","decl":{"start":{"line":13,"column":16},"end":{"line":13,"column":32}},"loc":{"start":{"line":13,"column":69},"end":{"line":34,"column":null}},"line":13},"1":{"name":"(anonymous_1)","decl":{"start":{"line":19,"column":27},"end":{"line":19,"column":33}},"loc":{"start":{"line":19,"column":33},"end":{"line":19,"column":null}},"line":19},"2":{"name":"(anonymous_2)","decl":{"start":{"line":20,"column":28},"end":{"line":20,"column":34}},"loc":{"start":{"line":20,"column":34},"end":{"line":20,"column":null}},"line":20},"3":{"name":"useSidebarContext","decl":{"start":{"line":36,"column":16},"end":{"line":36,"column":null}},"loc":{"start":{"line":36,"column":16},"end":{"line":42,"column":null}},"line":36}},"branchMap":{"0":{"loc":{"start":{"line":38,"column":2},"end":{"line":40,"column":null}},"type":"if","locations":[{"start":{"line":38,"column":2},"end":{"line":40,"column":null}},{"start":{},"end":{}}],"line":38}},"s":{"0":0,"1":0,"2":0,"3":0,"4":0,"5":0,"6":0,"7":0,"8":0,"9":0,"10":0,"11":0,"12":0},"f":{"0":0,"1":0,"2":0,"3":0},"b":{"0":[0,0]},"meta":{"lastBranch":1,"lastFunction":4,"lastStatement":13,"seen":{"s:11:6:11:Infinity":0,"f:13:16:13:32":0,"s:14:8:14:Infinity":1,"s:15:20:15:64":2,"s:17:47:17:Infinity":3,"s:19:27:19:Infinity":4,"f:19:27:19:33":1,"s:19:33:19:Infinity":5,"s:20:28:20:Infinity":6,"f:20:28:20:34":2,"s:20:34:20:Infinity":7,"s:22:2:31:Infinity":8,"f:36:16:36:Infinity":3,"s:37:8:37:Infinity":9,"b:38:2:40:Infinity:undefined:undefined:undefined:undefined":0,"s:38:2:40:Infinity":10,"s:39:4:39:Infinity":11,"s:41:2:41:Infinity":12}}}
,"/home/alistair/mochi/apps/projects/web/src/features/board/components/board-card.tsx": {"path":"/home/alistair/mochi/apps/projects/web/src/features/board/components/board-card.tsx","statementMap":{"0":{"start":{"line":22,"column":16},"end":{"line":22,"column":67}},"1":{"start":{"line":23,"column":21},"end":{"line":23,"column":null}},"2":{"start":{"line":23,"column":42},"end":{"line":23,"column":null}},"3":{"start":{"line":25,"column":2},"end":{"line":75,"column":null}},"4":{"start":{"line":35,"column":8},"end":{"line":35,"column":null}},"5":{"start":{"line":36,"column":8},"end":{"line":36,"column":null}},"6":{"start":{"line":47,"column":26},"end":{"line":47,"column":49}},"7":{"start":{"line":48,"column":12},"end":{"line":48,"column":null}},"8":{"start":{"line":48,"column":24},"end":{"line":48,"column":null}},"9":{"start":{"line":50,"column":33},"end":{"line":50,"column":56}},"10":{"start":{"line":51,"column":27},"end":{"line":51,"column":null}},"11":{"start":{"line":51,"column":52},"end":{"line":51,"column":null}},"12":{"start":{"line":53,"column":12},"end":{"line":68,"column":null}},"13":{"start":{"line":54,"column":14},"end":{"line":56,"column":null}},"14":{"start":{"line":70,"column":12},"end":{"line":71,"column":35}}},"fnMap":{"0":{"name":"BoardCard","decl":{"start":{"line":15,"column":16},"end":{"line":15,"column":26}},"loc":{"start":{"line":21,"column":17},"end":{"line":80,"column":null}},"line":21},"1":{"name":"(anonymous_1)","decl":{"start":{"line":23,"column":35},"end":{"line":23,"column":36}},"loc":{"start":{"line":23,"column":42},"end":{"line":23,"column":null}},"line":23},"2":{"name":"(anonymous_2)","decl":{"start":{"line":34,"column":19},"end":{"line":34,"column":20}},"loc":{"start":{"line":34,"column":20},"end":{"line":37,"column":null}},"line":34},"3":{"name":"(anonymous_3)","decl":{"start":{"line":46,"column":26},"end":{"line":46,"column":27}},"loc":{"start":{"line":46,"column":27},"end":{"line":75,"column":null}},"line":46},"4":{"name":"(anonymous_4)","decl":{"start":{"line":51,"column":45},"end":{"line":51,"column":46}},"loc":{"start":{"line":51,"column":52},"end":{"line":51,"column":null}},"line":51}},"branchMap":{"0":{"loc":{"start":{"line":22,"column":16},"end":{"line":22,"column":67}},"type":"binary-expr","locations":[{"start":{"line":22,"column":16},"end":{"line":22,"column":35}},{"start":{"line":22,"column":39},"end":{"line":22,"column":67}}],"line":22},"1":{"loc":{"start":{"line":44,"column":7},"end":{"line":75,"column":null}},"type":"binary-expr","locations":[{"start":{"line":44,"column":7},"end":{"line":44,"column":null}},{"start":{"line":44,"column":27},"end":{"line":75,"column":null}}],"line":44},"2":{"loc":{"start":{"line":48,"column":12},"end":{"line":48,"column":null}},"type":"if","locations":[{"start":{"line":48,"column":12},"end":{"line":48,"column":null}},{"start":{},"end":{}}],"line":48},"3":{"loc":{"start":{"line":50,"column":33},"end":{"line":50,"column":56}},"type":"binary-expr","locations":[{"start":{"line":50,"column":33},"end":{"line":50,"column":50}},{"start":{"line":50,"column":54},"end":{"line":50,"column":56}}],"line":50},"4":{"loc":{"start":{"line":53,"column":12},"end":{"line":68,"column":null}},"type":"if","locations":[{"start":{"line":53,"column":12},"end":{"line":68,"column":null}},{"start":{},"end":{}}],"line":53},"5":{"loc":{"start":{"line":53,"column":16},"end":{"line":53,"column":54}},"type":"binary-expr","locations":[{"start":{"line":53,"column":16},"end":{"line":53,"column":46}},{"start":{"line":53,"column":46},"end":{"line":53,"column":54}}],"line":53},"6":{"loc":{"start":{"line":59,"column":37},"end":{"line":61,"column":null}},"type":"cond-expr","locations":[{"start":{"line":60,"column":24},"end":{"line":60,"column":44}},{"start":{"line":61,"column":24},"end":{"line":61,"column":null}}],"line":59},"7":{"loc":{"start":{"line":62,"column":27},"end":{"line":62,"column":null}},"type":"binary-expr","locations":[{"start":{"line":62,"column":27},"end":{"line":62,"column":40}},{"start":{"line":62,"column":44},"end":{"line":62,"column":null}}],"line":62}},"s":{"0":12,"1":12,"2":7,"3":12,"4":1,"5":1,"6":6,"7":6,"8":1,"9":5,"10":6,"11":5,"12":6,"13":4,"14":1},"f":{"0":12,"1":7,"2":1,"3":6,"4":5},"b":{"0":[12,1],"1":[12,5],"2":[1,5],"3":[5,1],"4":[4,2],"5":[6,4],"6":[4,0],"7":[4,0]},"meta":{"lastBranch":8,"lastFunction":5,"lastStatement":15,"seen":{"f:15:16:15:26":0,"s:22:16:22:67":0,"b:22:16:22:35:22:39:22:67":0,"s:23:21:23:Infinity":1,"f:23:35:23:36":1,"s:23:42:23:Infinity":2,"s:25:2:75:Infinity":3,"f:34:19:34:20":2,"s:35:8:35:Infinity":4,"s:36:8:36:Infinity":5,"b:44:7:44:Infinity:44:27:75:Infinity":1,"f:46:26:46:27":3,"s:47:26:47:49":6,"b:48:12:48:Infinity:undefined:undefined:undefined:undefined":2,"s:48:12:48:Infinity":7,"s:48:24:48:Infinity":8,"s:50:33:50:56":9,"b:50:33:50:50:50:54:50:56":3,"s:51:27:51:Infinity":10,"f:51:45:51:46":4,"s:51:52:51:Infinity":11,"b:53:12:68:Infinity:undefined:undefined:undefined:undefined":4,"s:53:12:68:Infinity":12,"b:53:16:53:46:53:46:53:54":5,"s:54:14:56:Infinity":13,"b:60:24:60:44:61:24:61:Infinity":6,"b:62:27:62:40:62:44:62:Infinity":7,"s:70:12:71:35":14}}}
,"/home/alistair/mochi/apps/projects/web/src/features/board/components/board-column.tsx": {"path":"/home/alistair/mochi/apps/projects/web/src/features/board/components/board-column.tsx","statementMap":{"0":{"start":{"line":35,"column":35},"end":{"line":35,"column":null}},"1":{"start":{"line":37,"column":25},"end":{"line":41,"column":null}},"2":{"start":{"line":38,"column":4},"end":{"line":38,"column":null}},"3":{"start":{"line":39,"column":4},"end":{"line":39,"column":null}},"4":{"start":{"line":40,"column":4},"end":{"line":40,"column":null}},"5":{"start":{"line":43,"column":26},"end":{"line":45,"column":null}},"6":{"start":{"line":44,"column":4},"end":{"line":44,"column":null}},"7":{"start":{"line":47,"column":21},"end":{"line":54,"column":null}},"8":{"start":{"line":48,"column":4},"end":{"line":48,"column":null}},"9":{"start":{"line":49,"column":4},"end":{"line":49,"column":null}},"10":{"start":{"line":50,"column":21},"end":{"line":50,"column":null}},"11":{"start":{"line":51,"column":4},"end":{"line":53,"column":null}},"12":{"start":{"line":52,"column":6},"end":{"line":52,"column":null}},"13":{"start":{"line":56,"column":2},"end":{"line":105,"column":null}},"14":{"start":{"line":93,"column":22},"end":{"line":95,"column":null}},"15":{"start":{"line":100,"column":27},"end":{"line":100,"column":null}}},"fnMap":{"0":{"name":"BoardColumn","decl":{"start":{"line":23,"column":16},"end":{"line":23,"column":28}},"loc":{"start":{"line":34,"column":19},"end":{"line":112,"column":null}},"line":34},"1":{"name":"(anonymous_1)","decl":{"start":{"line":37,"column":25},"end":{"line":37,"column":26}},"loc":{"start":{"line":37,"column":26},"end":{"line":41,"column":null}},"line":37},"2":{"name":"(anonymous_2)","decl":{"start":{"line":43,"column":26},"end":{"line":43,"column":null}},"loc":{"start":{"line":43,"column":26},"end":{"line":45,"column":null}},"line":43},"3":{"name":"(anonymous_3)","decl":{"start":{"line":47,"column":21},"end":{"line":47,"column":22}},"loc":{"start":{"line":47,"column":22},"end":{"line":54,"column":null}},"line":47},"4":{"name":"(anonymous_4)","decl":{"start":{"line":93,"column":21},"end":{"line":93,"column":22}},"loc":{"start":{"line":93,"column":22},"end":{"line":95,"column":null}},"line":93},"5":{"name":"(anonymous_5)","decl":{"start":{"line":100,"column":21},"end":{"line":100,"column":27}},"loc":{"start":{"line":100,"column":27},"end":{"line":100,"column":null}},"line":100}},"branchMap":{"0":{"loc":{"start":{"line":51,"column":4},"end":{"line":53,"column":null}},"type":"if","locations":[{"start":{"line":51,"column":4},"end":{"line":53,"column":null}},{"start":{},"end":{}}],"line":51},"1":{"loc":{"start":{"line":51,"column":8},"end":{"line":51,"column":28}},"type":"binary-expr","locations":[{"start":{"line":51,"column":8},"end":{"line":51,"column":20}},{"start":{"line":51,"column":20},"end":{"line":51,"column":28}}],"line":51},"2":{"loc":{"start":{"line":61,"column":8},"end":{"line":61,"column":null}},"type":"binary-expr","locations":[{"start":{"line":61,"column":8},"end":{"line":61,"column":22}},{"start":{"line":61,"column":22},"end":{"line":61,"column":null}}],"line":61},"3":{"loc":{"start":{"line":70,"column":11},"end":{"line":73,"column":null}},"type":"binary-expr","locations":[{"start":{"line":70,"column":11},"end":{"line":70,"column":null}},{"start":{"line":70,"column":11},"end":{"line":73,"column":null}}],"line":70},"4":{"loc":{"start":{"line":81,"column":9},"end":{"line":86,"column":null}},"type":"binary-expr","locations":[{"start":{"line":81,"column":9},"end":{"line":81,"column":null}},{"start":{"line":81,"column":9},"end":{"line":86,"column":null}}],"line":81},"5":{"loc":{"start":{"line":104,"column":9},"end":{"line":105,"column":null}},"type":"binary-expr","locations":[{"start":{"line":104,"column":9},"end":{"line":104,"column":null}},{"start":{"line":104,"column":28},"end":{"line":105,"column":null}}],"line":104}},"s":{"0":0,"1":0,"2":0,"3":0,"4":0,"5":0,"6":0,"7":0,"8":0,"9":0,"10":0,"11":0,"12":0,"13":0,"14":0,"15":0},"f":{"0":0,"1":0,"2":0,"3":0,"4":0,"5":0},"b":{"0":[0,0],"1":[0,0],"2":[0,0],"3":[0,0],"4":[0,0],"5":[0,0]},"meta":{"lastBranch":6,"lastFunction":6,"lastStatement":16,"seen":{"f:23:16:23:28":0,"s:35:35:35:Infinity":0,"s:37:25:41:Infinity":1,"f:37:25:37:26":1,"s:38:4:38:Infinity":2,"s:39:4:39:Infinity":3,"s:40:4:40:Infinity":4,"s:43:26:45:Infinity":5,"f:43:26:43:Infinity":2,"s:44:4:44:Infinity":6,"s:47:21:54:Infinity":7,"f:47:21:47:22":3,"s:48:4:48:Infinity":8,"s:49:4:49:Infinity":9,"s:50:21:50:Infinity":10,"b:51:4:53:Infinity:undefined:undefined:undefined:undefined":0,"s:51:4:53:Infinity":11,"b:51:8:51:20:51:20:51:28":1,"s:52:6:52:Infinity":12,"s:56:2:105:Infinity":13,"b:61:8:61:22:61:22:61:Infinity":2,"b:70:11:70:Infinity:70:11:73:Infinity":3,"b:81:9:81:Infinity:81:9:86:Infinity":4,"f:93:21:93:22":4,"s:93:22:95:Infinity":14,"f:100:21:100:27":5,"s:100:27:100:Infinity":15,"b:104:9:104:Infinity:104:28:105:Infinity":5}}}
,"/home/alistair/mochi/apps/projects/web/src/features/board/components/board-container.tsx": {"path":"/home/alistair/mochi/apps/projects/web/src/features/board/components/board-container.tsx","statementMap":{"0":{"start":{"line":26,"column":22},"end":{"line":26,"column":38}},"1":{"start":{"line":27,"column":21},"end":{"line":27,"column":76}},"2":{"start":{"line":28,"column":22},"end":{"line":28,"column":null}},"3":{"start":{"line":31,"column":8},"end":{"line":34,"column":null}},"4":{"start":{"line":32,"column":17},"end":{"line":32,"column":47}},"5":{"start":{"line":33,"column":4},"end":{"line":33,"column":null}},"6":{"start":{"line":33,"column":31},"end":{"line":33,"column":46}},"7":{"start":{"line":37,"column":8},"end":{"line":59,"column":null}},"8":{"start":{"line":38,"column":53},"end":{"line":38,"column":null}},"9":{"start":{"line":41,"column":4},"end":{"line":43,"column":null}},"10":{"start":{"line":42,"column":6},"end":{"line":42,"column":null}},"11":{"start":{"line":46,"column":4},"end":{"line":46,"column":null}},"12":{"start":{"line":49,"column":4},"end":{"line":56,"column":null}},"13":{"start":{"line":50,"column":21},"end":{"line":50,"column":null}},"14":{"start":{"line":51,"column":6},"end":{"line":55,"column":null}},"15":{"start":{"line":52,"column":8},"end":{"line":52,"column":null}},"16":{"start":{"line":54,"column":8},"end":{"line":54,"column":null}},"17":{"start":{"line":58,"column":4},"end":{"line":58,"column":null}},"18":{"start":{"line":61,"column":21},"end":{"line":63,"column":null}},"19":{"start":{"line":62,"column":4},"end":{"line":62,"column":null}},"20":{"start":{"line":65,"column":2},"end":{"line":93,"column":null}},"21":{"start":{"line":67,"column":26},"end":{"line":69,"column":null}},"22":{"start":{"line":74,"column":43},"end":{"line":74,"column":null}},"23":{"start":{"line":78,"column":31},"end":{"line":78,"column":null}},"24":{"start":{"line":89,"column":43},"end":{"line":89,"column":null}}},"fnMap":{"0":{"name":"BoardContainer","decl":{"start":{"line":17,"column":16},"end":{"line":17,"column":31}},"loc":{"start":{"line":24,"column":22},"end":{"line":98,"column":null}},"line":24},"1":{"name":"(anonymous_1)","decl":{"start":{"line":31,"column":32},"end":{"line":31,"column":null}},"loc":{"start":{"line":31,"column":32},"end":{"line":34,"column":5}},"line":31},"2":{"name":"(anonymous_2)","decl":{"start":{"line":33,"column":21},"end":{"line":33,"column":22}},"loc":{"start":{"line":33,"column":31},"end":{"line":33,"column":46}},"line":33},"3":{"name":"(anonymous_3)","decl":{"start":{"line":37,"column":34},"end":{"line":37,"column":null}},"loc":{"start":{"line":37,"column":34},"end":{"line":59,"column":5}},"line":37},"4":{"name":"(anonymous_4)","decl":{"start":{"line":41,"column":26},"end":{"line":41,"column":27}},"loc":{"start":{"line":41,"column":27},"end":{"line":43,"column":null}},"line":41},"5":{"name":"(anonymous_5)","decl":{"start":{"line":49,"column":20},"end":{"line":49,"column":21}},"loc":{"start":{"line":49,"column":21},"end":{"line":56,"column":null}},"line":49},"6":{"name":"(anonymous_6)","decl":{"start":{"line":61,"column":21},"end":{"line":61,"column":22}},"loc":{"start":{"line":61,"column":40},"end":{"line":63,"column":null}},"line":61},"7":{"name":"(anonymous_7)","decl":{"start":{"line":67,"column":25},"end":{"line":67,"column":26}},"loc":{"start":{"line":67,"column":26},"end":{"line":69,"column":null}},"line":67},"8":{"name":"(anonymous_8)","decl":{"start":{"line":74,"column":36},"end":{"line":74,"column":37}},"loc":{"start":{"line":74,"column":43},"end":{"line":74,"column":null}},"line":74},"9":{"name":"(anonymous_9)","decl":{"start":{"line":78,"column":25},"end":{"line":78,"column":31}},"loc":{"start":{"line":78,"column":31},"end":{"line":78,"column":null}},"line":78},"10":{"name":"(anonymous_10)","decl":{"start":{"line":89,"column":36},"end":{"line":89,"column":37}},"loc":{"start":{"line":89,"column":43},"end":{"line":89,"column":null}},"line":89}},"branchMap":{"0":{"loc":{"start":{"line":27,"column":21},"end":{"line":27,"column":76}},"type":"cond-expr","locations":[{"start":{"line":27,"column":35},"end":{"line":27,"column":71}},{"start":{"line":27,"column":74},"end":{"line":27,"column":76}}],"line":27},"1":{"loc":{"start":{"line":27,"column":35},"end":{"line":27,"column":71}},"type":"binary-expr","locations":[{"start":{"line":27,"column":35},"end":{"line":27,"column":65}},{"start":{"line":27,"column":69},"end":{"line":27,"column":71}}],"line":27},"2":{"loc":{"start":{"line":28,"column":22},"end":{"line":28,"column":null}},"type":"cond-expr","locations":[{"start":{"line":28,"column":36},"end":{"line":28,"column":76}},{"start":{"line":28,"column":76},"end":{"line":28,"column":null}}],"line":28},"3":{"loc":{"start":{"line":28,"column":36},"end":{"line":28,"column":76}},"type":"binary-expr","locations":[{"start":{"line":28,"column":36},"end":{"line":28,"column":67}},{"start":{"line":28,"column":71},"end":{"line":28,"column":76}}],"line":28},"4":{"loc":{"start":{"line":32,"column":17},"end":{"line":32,"column":47}},"type":"binary-expr","locations":[{"start":{"line":32,"column":17},"end":{"line":32,"column":41}},{"start":{"line":32,"column":45},"end":{"line":32,"column":47}}],"line":32},"5":{"loc":{"start":{"line":50,"column":21},"end":{"line":50,"column":null}},"type":"binary-expr","locations":[{"start":{"line":50,"column":21},"end":{"line":50,"column":44}},{"start":{"line":50,"column":48},"end":{"line":50,"column":null}}],"line":50},"6":{"loc":{"start":{"line":51,"column":6},"end":{"line":55,"column":null}},"type":"if","locations":[{"start":{"line":51,"column":6},"end":{"line":55,"column":null}},{"start":{"line":53,"column":13},"end":{"line":55,"column":null}}],"line":51},"7":{"loc":{"start":{"line":73,"column":19},"end":{"line":73,"column":51}},"type":"binary-expr","locations":[{"start":{"line":73,"column":19},"end":{"line":73,"column":45}},{"start":{"line":73,"column":49},"end":{"line":73,"column":51}}],"line":73},"8":{"loc":{"start":{"line":84,"column":7},"end":{"line":93,"column":null}},"type":"binary-expr","locations":[{"start":{"line":84,"column":7},"end":{"line":84,"column":null}},{"start":{"line":84,"column":37},"end":{"line":93,"column":null}}],"line":84}},"s":{"0":0,"1":0,"2":0,"3":0,"4":0,"5":0,"6":0,"7":0,"8":0,"9":0,"10":0,"11":0,"12":0,"13":0,"14":0,"15":0,"16":0,"17":0,"18":0,"19":0,"20":0,"21":0,"22":0,"23":0,"24":0},"f":{"0":0,"1":0,"2":0,"3":0,"4":0,"5":0,"6":0,"7":0,"8":0,"9":0,"10":0},"b":{"0":[0,0],"1":[0,0],"2":[0,0],"3":[0,0],"4":[0,0],"5":[0,0],"6":[0,0],"7":[0,0],"8":[0,0]},"meta":{"lastBranch":9,"lastFunction":11,"lastStatement":25,"seen":{"f:17:16:17:31":0,"s:26:22:26:38":0,"s:27:21:27:76":1,"b:27:35:27:71:27:74:27:76":0,"b:27:35:27:65:27:69:27:71":1,"s:28:22:28:Infinity":2,"b:28:36:28:76:28:76:28:Infinity":2,"b:28:36:28:67:28:71:28:76":3,"s:31:8:34:Infinity":3,"f:31:32:31:Infinity":1,"s:32:17:32:47":4,"b:32:17:32:41:32:45:32:47":4,"s:33:4:33:Infinity":5,"f:33:21:33:22":2,"s:33:31:33:46":6,"s:37:8:59:Infinity":7,"f:37:34:37:Infinity":3,"s:38:53:38:Infinity":8,"s:41:4:43:Infinity":9,"f:41:26:41:27":4,"s:42:6:42:Infinity":10,"s:46:4:46:Infinity":11,"s:49:4:56:Infinity":12,"f:49:20:49:21":5,"s:50:21:50:Infinity":13,"b:50:21:50:44:50:48:50:Infinity":5,"b:51:6:55:Infinity:53:13:55:Infinity":6,"s:51:6:55:Infinity":14,"s:52:8:52:Infinity":15,"s:54:8:54:Infinity":16,"s:58:4:58:Infinity":17,"s:61:21:63:Infinity":18,"f:61:21:61:22":6,"s:62:4:62:Infinity":19,"s:65:2:93:Infinity":20,"f:67:25:67:26":7,"s:67:26:69:Infinity":21,"b:73:19:73:45:73:49:73:51":7,"f:74:36:74:37":8,"s:74:43:74:Infinity":22,"f:78:25:78:31":9,"s:78:31:78:Infinity":23,"b:84:7:84:Infinity:84:37:93:Infinity":8,"f:89:36:89:37":10,"s:89:43:89:Infinity":24}}}
,"/home/alistair/mochi/apps/projects/web/src/features/board/components/index.ts": {"path":"/home/alistair/mochi/apps/projects/web/src/features/board/components/index.ts","statementMap":{},"fnMap":{},"branchMap":{},"s":{},"f":{},"b":{},"meta":{"lastBranch":0,"lastFunction":0,"lastStatement":0,"seen":{}}}
,"/home/alistair/mochi/apps/projects/web/src/features/editor/index.ts": {"path":"/home/alistair/mochi/apps/projects/web/src/features/editor/index.ts","statementMap":{},"fnMap":{},"branchMap":{},"s":{},"f":{},"b":{},"meta":{"lastBranch":0,"lastFunction":0,"lastStatement":0,"seen":{}}}
,"/home/alistair/mochi/apps/projects/web/src/features/editor/components/add-dialogs.tsx": {"path":"/home/alistair/mochi/apps/projects/web/src/features/editor/components/add-dialogs.tsx","statementMap":{"0":{"start":{"line":28,"column":23},"end":{"line":28,"column":null}},"1":{"start":{"line":30,"column":23},"end":{"line":37,"column":null}},"2":{"start":{"line":31,"column":4},"end":{"line":31,"column":null}},"3":{"start":{"line":32,"column":4},"end":{"line":36,"column":null}},"4":{"start":{"line":33,"column":6},"end":{"line":33,"column":null}},"5":{"start":{"line":34,"column":6},"end":{"line":34,"column":null}},"6":{"start":{"line":35,"column":6},"end":{"line":35,"column":null}},"7":{"start":{"line":39,"column":2},"end":{"line":66,"column":null}},"8":{"start":{"line":52,"column":33},"end":{"line":52,"column":null}},"9":{"start":{"line":62,"column":29},"end":{"line":62,"column":null}},"10":{"start":{"line":83,"column":20},"end":{"line":90,"column":null}},"11":{"start":{"line":97,"column":23},"end":{"line":97,"column":null}},"12":{"start":{"line":98,"column":33},"end":{"line":98,"column":null}},"13":{"start":{"line":100,"column":23},"end":{"line":108,"column":null}},"14":{"start":{"line":101,"column":4},"end":{"line":101,"column":null}},"15":{"start":{"line":102,"column":4},"end":{"line":107,"column":null}},"16":{"start":{"line":103,"column":6},"end":{"line":103,"column":null}},"17":{"start":{"line":104,"column":6},"end":{"line":104,"column":null}},"18":{"start":{"line":105,"column":6},"end":{"line":105,"column":null}},"19":{"start":{"line":106,"column":6},"end":{"line":106,"column":null}},"20":{"start":{"line":110,"column":2},"end":{"line":152,"column":null}},"21":{"start":{"line":123,"column":33},"end":{"line":123,"column":null}},"22":{"start":{"line":133,"column":33},"end":{"line":133,"column":null}},"23":{"start":{"line":136,"column":34},"end":{"line":137,"column":38}},"24":{"start":{"line":148,"column":29},"end":{"line":148,"column":null}},"25":{"start":{"line":169,"column":24},"end":{"line":176,"column":null}},"26":{"start":{"line":183,"column":23},"end":{"line":183,"column":null}},"27":{"start":{"line":184,"column":27},"end":{"line":184,"column":null}},"28":{"start":{"line":186,"column":23},"end":{"line":196,"column":null}},"29":{"start":{"line":187,"column":4},"end":{"line":187,"column":null}},"30":{"start":{"line":188,"column":4},"end":{"line":195,"column":null}},"31":{"start":{"line":189,"column":6},"end":{"line":189,"column":null}},"32":{"start":{"line":190,"column":6},"end":{"line":190,"column":null}},"33":{"start":{"line":191,"column":6},"end":{"line":192,"column":null}},"34":{"start":{"line":194,"column":6},"end":{"line":194,"column":null}},"35":{"start":{"line":198,"column":2},"end":{"line":248,"column":null}},"36":{"start":{"line":211,"column":33},"end":{"line":211,"column":null}},"37":{"start":{"line":219,"column":38},"end":{"line":221,"column":null}},"38":{"start":{"line":227,"column":35},"end":{"line":227,"column":null}},"39":{"start":{"line":244,"column":29},"end":{"line":244,"column":null}},"40":{"start":{"line":270,"column":23},"end":{"line":270,"column":null}},"41":{"start":{"line":271,"column":31},"end":{"line":271,"column":null}},"42":{"start":{"line":273,"column":23},"end":{"line":281,"column":null}},"43":{"start":{"line":274,"column":4},"end":{"line":274,"column":null}},"44":{"start":{"line":275,"column":4},"end":{"line":280,"column":null}},"45":{"start":{"line":276,"column":6},"end":{"line":276,"column":null}},"46":{"start":{"line":277,"column":6},"end":{"line":277,"column":null}},"47":{"start":{"line":278,"column":6},"end":{"line":278,"column":null}},"48":{"start":{"line":279,"column":6},"end":{"line":279,"column":null}},"49":{"start":{"line":283,"column":2},"end":{"line":322,"column":null}},"50":{"start":{"line":296,"column":33},"end":{"line":296,"column":null}},"51":{"start":{"line":306,"column":33},"end":{"line":306,"column":null}},"52":{"start":{"line":318,"column":29},"end":{"line":318,"column":null}}},"fnMap":{"0":{"name":"AddTypeDialog","decl":{"start":{"line":23,"column":16},"end":{"line":23,"column":30}},"loc":{"start":{"line":27,"column":21},"end":{"line":74,"column":null}},"line":27},"1":{"name":"(anonymous_1)","decl":{"start":{"line":30,"column":23},"end":{"line":30,"column":24}},"loc":{"start":{"line":30,"column":24},"end":{"line":37,"column":null}},"line":30},"2":{"name":"(anonymous_2)","decl":{"start":{"line":52,"column":26},"end":{"line":52,"column":27}},"loc":{"start":{"line":52,"column":33},"end":{"line":52,"column":null}},"line":52},"3":{"name":"(anonymous_3)","decl":{"start":{"line":62,"column":23},"end":{"line":62,"column":29}},"loc":{"start":{"line":62,"column":29},"end":{"line":62,"column":null}},"line":62},"4":{"name":"AddFieldDialog","decl":{"start":{"line":92,"column":16},"end":{"line":92,"column":31}},"loc":{"start":{"line":96,"column":22},"end":{"line":160,"column":null}},"line":96},"5":{"name":"(anonymous_5)","decl":{"start":{"line":100,"column":23},"end":{"line":100,"column":24}},"loc":{"start":{"line":100,"column":24},"end":{"line":108,"column":null}},"line":100},"6":{"name":"(anonymous_6)","decl":{"start":{"line":123,"column":26},"end":{"line":123,"column":27}},"loc":{"start":{"line":123,"column":33},"end":{"line":123,"column":null}},"line":123},"7":{"name":"(anonymous_7)","decl":{"start":{"line":133,"column":26},"end":{"line":133,"column":27}},"loc":{"start":{"line":133,"column":33},"end":{"line":133,"column":null}},"line":133},"8":{"name":"(anonymous_8)","decl":{"start":{"line":136,"column":33},"end":{"line":136,"column":34}},"loc":{"start":{"line":136,"column":34},"end":{"line":137,"column":38}},"line":136},"9":{"name":"(anonymous_9)","decl":{"start":{"line":148,"column":23},"end":{"line":148,"column":29}},"loc":{"start":{"line":148,"column":29},"end":{"line":148,"column":null}},"line":148},"10":{"name":"AddOptionDialog","decl":{"start":{"line":178,"column":16},"end":{"line":178,"column":32}},"loc":{"start":{"line":182,"column":23},"end":{"line":256,"column":null}},"line":182},"11":{"name":"(anonymous_11)","decl":{"start":{"line":186,"column":23},"end":{"line":186,"column":24}},"loc":{"start":{"line":186,"column":24},"end":{"line":196,"column":null}},"line":186},"12":{"name":"(anonymous_12)","decl":{"start":{"line":211,"column":26},"end":{"line":211,"column":27}},"loc":{"start":{"line":211,"column":33},"end":{"line":211,"column":null}},"line":211},"13":{"name":"(anonymous_13)","decl":{"start":{"line":219,"column":37},"end":{"line":219,"column":38}},"loc":{"start":{"line":219,"column":38},"end":{"line":221,"column":null}},"line":219},"14":{"name":"(anonymous_14)","decl":{"start":{"line":227,"column":29},"end":{"line":227,"column":35}},"loc":{"start":{"line":227,"column":35},"end":{"line":227,"column":null}},"line":227},"15":{"name":"(anonymous_15)","decl":{"start":{"line":244,"column":23},"end":{"line":244,"column":29}},"loc":{"start":{"line":244,"column":29},"end":{"line":244,"column":null}},"line":244},"16":{"name":"AddViewDialog","decl":{"start":{"line":265,"column":16},"end":{"line":265,"column":30}},"loc":{"start":{"line":269,"column":21},"end":{"line":330,"column":null}},"line":269},"17":{"name":"(anonymous_17)","decl":{"start":{"line":273,"column":23},"end":{"line":273,"column":24}},"loc":{"start":{"line":273,"column":24},"end":{"line":281,"column":null}},"line":273},"18":{"name":"(anonymous_18)","decl":{"start":{"line":296,"column":26},"end":{"line":296,"column":27}},"loc":{"start":{"line":296,"column":33},"end":{"line":296,"column":null}},"line":296},"19":{"name":"(anonymous_19)","decl":{"start":{"line":306,"column":26},"end":{"line":306,"column":27}},"loc":{"start":{"line":306,"column":33},"end":{"line":306,"column":null}},"line":306},"20":{"name":"(anonymous_20)","decl":{"start":{"line":318,"column":23},"end":{"line":318,"column":29}},"loc":{"start":{"line":318,"column":29},"end":{"line":318,"column":null}},"line":318}},"branchMap":{"0":{"loc":{"start":{"line":32,"column":4},"end":{"line":36,"column":null}},"type":"if","locations":[{"start":{"line":32,"column":4},"end":{"line":36,"column":null}},{"start":{},"end":{}}],"line":32},"1":{"loc":{"start":{"line":102,"column":4},"end":{"line":107,"column":null}},"type":"if","locations":[{"start":{"line":102,"column":4},"end":{"line":107,"column":null}},{"start":{},"end":{}}],"line":102},"2":{"loc":{"start":{"line":188,"column":4},"end":{"line":195,"column":null}},"type":"if","locations":[{"start":{"line":188,"column":4},"end":{"line":195,"column":null}},{"start":{},"end":{}}],"line":188},"3":{"loc":{"start":{"line":224,"column":22},"end":{"line":224,"column":null}},"type":"cond-expr","locations":[{"start":{"line":224,"column":37},"end":{"line":224,"column":59}},{"start":{"line":224,"column":59},"end":{"line":224,"column":null}}],"line":224},"4":{"loc":{"start":{"line":237,"column":50},"end":{"line":237,"column":null}},"type":"binary-expr","locations":[{"start":{"line":237,"column":50},"end":{"line":237,"column":58}},{"start":{"line":237,"column":58},"end":{"line":237,"column":null}}],"line":237},"5":{"loc":{"start":{"line":275,"column":4},"end":{"line":280,"column":null}},"type":"if","locations":[{"start":{"line":275,"column":4},"end":{"line":280,"column":null}},{"start":{},"end":{}}],"line":275}},"s":{"0":0,"1":0,"2":0,"3":0,"4":0,"5":0,"6":0,"7":0,"8":0,"9":0,"10":0,"11":0,"12":0,"13":0,"14":0,"15":0,"16":0,"17":0,"18":0,"19":0,"20":0,"21":0,"22":0,"23":0,"24":0,"25":0,"26":0,"27":0,"28":0,"29":0,"30":0,"31":0,"32":0,"33":0,"34":0,"35":0,"36":0,"37":0,"38":0,"39":0,"40":0,"41":0,"42":0,"43":0,"44":0,"45":0,"46":0,"47":0,"48":0,"49":0,"50":0,"51":0,"52":0},"f":{"0":0,"1":0,"2":0,"3":0,"4":0,"5":0,"6":0,"7":0,"8":0,"9":0,"10":0,"11":0,"12":0,"13":0,"14":0,"15":0,"16":0,"17":0,"18":0,"19":0,"20":0},"b":{"0":[0,0],"1":[0,0],"2":[0,0],"3":[0,0],"4":[0,0],"5":[0,0]},"meta":{"lastBranch":6,"lastFunction":21,"lastStatement":53,"seen":{"f:23:16:23:30":0,"s:28:23:28:Infinity":0,"s:30:23:37:Infinity":1,"f:30:23:30:24":1,"s:31:4:31:Infinity":2,"b:32:4:36:Infinity:undefined:undefined:undefined:undefined":0,"s:32:4:36:Infinity":3,"s:33:6:33:Infinity":4,"s:34:6:34:Infinity":5,"s:35:6:35:Infinity":6,"s:39:2:66:Infinity":7,"f:52:26:52:27":2,"s:52:33:52:Infinity":8,"f:62:23:62:29":3,"s:62:29:62:Infinity":9,"s:83:20:90:Infinity":10,"f:92:16:92:31":4,"s:97:23:97:Infinity":11,"s:98:33:98:Infinity":12,"s:100:23:108:Infinity":13,"f:100:23:100:24":5,"s:101:4:101:Infinity":14,"b:102:4:107:Infinity:undefined:undefined:undefined:undefined":1,"s:102:4:107:Infinity":15,"s:103:6:103:Infinity":16,"s:104:6:104:Infinity":17,"s:105:6:105:Infinity":18,"s:106:6:106:Infinity":19,"s:110:2:152:Infinity":20,"f:123:26:123:27":6,"s:123:33:123:Infinity":21,"f:133:26:133:27":7,"s:133:33:133:Infinity":22,"f:136:33:136:34":8,"s:136:34:137:38":23,"f:148:23:148:29":9,"s:148:29:148:Infinity":24,"s:169:24:176:Infinity":25,"f:178:16:178:32":10,"s:183:23:183:Infinity":26,"s:184:27:184:Infinity":27,"s:186:23:196:Infinity":28,"f:186:23:186:24":11,"s:187:4:187:Infinity":29,"b:188:4:195:Infinity:undefined:undefined:undefined:undefined":2,"s:188:4:195:Infinity":30,"s:189:6:189:Infinity":31,"s:190:6:190:Infinity":32,"s:191:6:192:Infinity":33,"s:194:6:194:Infinity":34,"s:198:2:248:Infinity":35,"f:211:26:211:27":12,"s:211:33:211:Infinity":36,"f:219:37:219:38":13,"s:219:38:221:Infinity":37,"b:224:37:224:59:224:59:224:Infinity":3,"f:227:29:227:35":14,"s:227:35:227:Infinity":38,"b:237:50:237:58:237:58:237:Infinity":4,"f:244:23:244:29":15,"s:244:29:244:Infinity":39,"f:265:16:265:30":16,"s:270:23:270:Infinity":40,"s:271:31:271:Infinity":41,"s:273:23:281:Infinity":42,"f:273:23:273:24":17,"s:274:4:274:Infinity":43,"b:275:4:280:Infinity:undefined:undefined:undefined:undefined":5,"s:275:4:280:Infinity":44,"s:276:6:276:Infinity":45,"s:277:6:277:Infinity":46,"s:278:6:278:Infinity":47,"s:279:6:279:Infinity":48,"s:283:2:322:Infinity":49,"f:296:26:296:27":18,"s:296:33:296:Infinity":50,"f:306:26:306:27":19,"s:306:33:306:Infinity":51,"f:318:23:318:29":20,"s:318:29:318:Infinity":52}}}
[...]
rt":{"line":216,"column":8},"end":{"line":216,"column":null}},"78":{"start":{"line":218,"column":8},"end":{"line":218,"column":null}},"79":{"start":{"line":221,"column":22},"end":{"line":221,"column":null}},"80":{"start":{"line":225,"column":26},"end":{"line":227,"column":null}},"81":{"start":{"line":226,"column":4},"end":{"line":226,"column":null}},"82":{"start":{"line":229,"column":28},"end":{"line":232,"column":null}},"83":{"start":{"line":230,"column":4},"end":{"line":230,"column":null}},"84":{"start":{"line":231,"column":4},"end":{"line":231,"column":null}},"85":{"start":{"line":234,"column":27},"end":{"line":236,"column":null}},"86":{"start":{"line":235,"column":4},"end":{"line":235,"column":null}},"87":{"start":{"line":238,"column":30},"end":{"line":240,"column":null}},"88":{"start":{"line":242,"column":27},"end":{"line":246,"column":null}},"89":{"start":{"line":243,"column":4},"end":{"line":243,"column":null}},"90":{"start":{"line":245,"column":4},"end":{"line":245,"column":null}},"91":{"start":{"line":248,"column":2},"end":{"line":335,"column":null}},"92":{"start":{"line":264,"column":45},"end":{"line":264,"column":null}},"93":{"start":{"line":319,"column":27},"end":{"line":319,"column":null}}},"fnMap":{"0":{"name":"(anonymous_0)","decl":{"start":{"line":28,"column":10},"end":{"line":28,"column":17}},"loc":{"start":{"line":28,"column":27},"end":{"line":37,"column":null}},"line":28},"1":{"name":"(anonymous_1)","decl":{"start":{"line":39,"column":18},"end":{"line":39,"column":19}},"loc":{"start":{"line":39,"column":28},"end":{"line":39,"column":null}},"line":39},"2":{"name":"ProjectPage","decl":{"start":{"line":42,"column":9},"end":{"line":42,"column":null}},"loc":{"start":{"line":42,"column":9},"end":{"line":339,"column":null}},"line":42},"3":{"name":"(anonymous_3)","decl":{"start":{"line":65,"column":23},"end":{"line":65,"column":24}},"loc":{"start":{"line":65,"column":30},"end":{"line":65,"column":56}},"line":65},"4":{"name":"(anonymous_4)","decl":{"start":{"line":83,"column":13},"end":{"line":83,"column":null}},"loc":{"start":{"line":83,"column":13},"end":{"line":86,"column":null}},"line":83},"5":{"name":"(anonymous_5)","decl":{"start":{"line":91,"column":16},"end":{"line":91,"column":23}},"loc":{"start":{"line":97,"column":5},"end":{"line":99,"column":null}},"line":97},"6":{"name":"(anonymous_6)","decl":{"start":{"line":100,"column":14},"end":{"line":100,"column":21}},"loc":{"start":{"line":100,"column":41},"end":{"line":122,"column":null}},"line":100},"7":{"name":"(anonymous_7)","decl":{"start":{"line":113,"column":8},"end":{"line":113,"column":9}},"loc":{"start":{"line":114,"column":10},"end":{"line":117,"column":null}},"line":114},"8":{"name":"(anonymous_8)","decl":{"start":{"line":114,"column":19},"end":{"line":114,"column":20}},"loc":{"start":{"line":115,"column":12},"end":{"line":117,"column":null}},"line":115},"9":{"name":"(anonymous_9)","decl":{"start":{"line":123,"column":13},"end":{"line":123,"column":14}},"loc":{"start":{"line":123,"column":32},"end":{"line":131,"column":null}},"line":123},"10":{"name":"(anonymous_10)","decl":{"start":{"line":132,"column":15},"end":{"line":132,"column":null}},"loc":{"start":{"line":132,"column":15},"end":{"line":136,"column":null}},"line":132},"11":{"name":"(anonymous_11)","decl":{"start":{"line":140,"column":34},"end":{"line":140,"column":null}},"loc":{"start":{"line":140,"column":34},"end":{"line":169,"column":5}},"line":140},"12":{"name":"(anonymous_12)","decl":{"start":{"line":146,"column":29},"end":{"line":146,"column":30}},"loc":{"start":{"line":146,"column":30},"end":{"line":150,"column":null}},"line":146},"13":{"name":"(anonymous_13)","decl":{"start":{"line":155,"column":29},"end":{"line":155,"column":30}},"loc":{"start":{"line":155,"column":38},"end":{"line":155,"column":74}},"line":155},"14":{"name":"(anonymous_14)","decl":{"start":{"line":160,"column":29},"end":{"line":160,"column":30}},"loc":{"start":{"line":160,"column":38},"end":{"line":160,"column":78}},"line":160},"15":{"name":"(anonymous_15)","decl":{"start":{"line":165,"column":29},"end":{"line":165,"column":30}},"loc":{"start":{"line":165,"column":38},"end":{"line":165,"column":78}},"line":165},"16":{"name":"(anonymous_16)","decl":{"start":{"line":172,"column":39},"end":{"line":172,"column":null}},"loc":{"start":{"line":172,"column":39},"end":{"line":179,"column":5}},"line":172},"17":{"name":"(anonymous_17)","decl":{"start":{"line":174,"column":25},"end":{"line":174,"column":26}},"loc":{"start":{"line":174,"column":26},"end":{"line":178,"column":null}},"line":174},"18":{"name":"(anonymous_18)","decl":{"start":{"line":181,"column":43},"end":{"line":181,"column":null}},"loc":{"start":{"line":181,"column":43},"end":{"line":187,"column":5}},"line":181},"19":{"name":"(anonymous_19)","decl":{"start":{"line":183,"column":25},"end":{"line":183,"column":26}},"loc":{"start":{"line":183,"column":26},"end":{"line":186,"column":null}},"line":183},"20":{"name":"(anonymous_20)","decl":{"start":{"line":189,"column":41},"end":{"line":189,"column":null}},"loc":{"start":{"line":189,"column":41},"end":{"line":193,"column":5}},"line":189},"21":{"name":"(anonymous_21)","decl":{"start":{"line":196,"column":4},"end":{"line":196,"column":5}},"loc":{"start":{"line":196,"column":5},"end":{"line":201,"column":null}},"line":196},"22":{"name":"(anonymous_22)","decl":{"start":{"line":207,"column":17},"end":{"line":207,"column":23}},"loc":{"start":{"line":207,"column":23},"end":{"line":207,"column":null}},"line":207},"23":{"name":"(anonymous_23)","decl":{"start":{"line":208,"column":19},"end":{"line":208,"column":25}},"loc":{"start":{"line":208,"column":25},"end":{"line":208,"column":null}},"line":208},"24":{"name":"(anonymous_24)","decl":{"start":{"line":214,"column":13},"end":{"line":214,"column":null}},"loc":{"start":{"line":214,"column":13},"end":{"line":220,"column":null}},"line":214},"25":{"name":"(anonymous_25)","decl":{"start":{"line":221,"column":16},"end":{"line":221,"column":22}},"loc":{"start":{"line":221,"column":22},"end":{"line":221,"column":null}},"line":221},"26":{"name":"(anonymous_26)","decl":{"start":{"line":225,"column":26},"end":{"line":225,"column":27}},"loc":{"start":{"line":225,"column":27},"end":{"line":227,"column":null}},"line":225},"27":{"name":"(anonymous_27)","decl":{"start":{"line":229,"column":28},"end":{"line":229,"column":29}},"loc":{"start":{"line":229,"column":29},"end":{"line":232,"column":null}},"line":229},"28":{"name":"(anonymous_28)","decl":{"start":{"line":234,"column":27},"end":{"line":234,"column":28}},"loc":{"start":{"line":234,"column":46},"end":{"line":236,"column":null}},"line":234},"29":{"name":"(anonymous_29)","decl":{"start":{"line":238,"column":30},"end":{"line":238,"column":null}},"loc":{"start":{"line":238,"column":30},"end":{"line":240,"column":null}},"line":238},"30":{"name":"(anonymous_30)","decl":{"start":{"line":242,"column":27},"end":{"line":242,"column":28}},"loc":{"start":{"line":242,"column":28},"end":{"line":246,"column":null}},"line":242},"31":{"name":"(anonymous_31)","decl":{"start":{"line":264,"column":39},"end":{"line":264,"column":45}},"loc":{"start":{"line":264,"column":45},"end":{"line":264,"column":null}},"line":264},"32":{"name":"(anonymous_32)","decl":{"start":{"line":319,"column":21},"end":{"line":319,"column":27}},"loc":{"start":{"line":319,"column":27},"end":{"line":319,"column":null}},"line":319}},"branchMap":{"0":{"loc":{"start":{"line":62,"column":4},"end":{"line":62,"column":null}},"type":"binary-expr","locations":[{"start":{"line":62,"column":4},"end":{"line":62,"column":28}},{"start":{"line":62,"column":28},"end":{"line":62,"column":null}}],"line":62},"1":{"loc":{"start":{"line":65,"column":4},"end":{"line":65,"column":72}},"type":"binary-expr","locations":[{"start":{"line":65,"column":4},"end":{"line":65,"column":56}},{"start":{"line":65,"column":56},"end":{"line":65,"column":72}}],"line":65},"2":{"loc":{"start":{"line":115,"column":12},"end":{"line":117,"column":null}},"type":"cond-expr","locations":[{"start":{"line":116,"column":16},"end":{"line":116,"column":null}},{"start":{"line":117,"column":16},"end":{"line":117,"column":null}}],"line":115},"3":{"loc":{"start":{"line":125,"column":6},"end":{"line":130,"column":null}},"type":"if","locations":[{"start":{"line":125,"column":6},"end":{"line":130,"column":null}},{"start":{},"end":{}}],"line":125},"4":{"loc":{"start":{"line":141,"column":17},"end":{"line":141,"column":34}},"type":"binary-expr","locations":[{"start":{"line":141,"column":17},"end":{"line":141,"column":32}},{"start":{"line":141,"column":32},"end":{"line":141,"column":34}}],"line":141},"5":{"loc":{"start":{"line":144,"column":4},"end":{"line":151,"column":null}},"type":"if","locations":[{"start":{"line":144,"column":4},"end":{"line":151,"column":null}},{"start":{},"end":{}}],"line":144},"6":{"loc":{"start":{"line":147,"column":22},"end":{"line":147,"column":null}},"type":"binary-expr","locations":[{"start":{"line":147,"column":22},"end":{"line":147,"column":57}},{"start":{"line":147,"column":57},"end":{"line":147,"column":null}}],"line":147},"7":{"loc":{"start":{"line":148,"column":28},"end":{"line":148,"column":null}},"type":"binary-expr","locations":[{"start":{"line":148,"column":28},"end":{"line":148,"column":69}},{"start":{"line":148,"column":69},"end":{"line":148,"column":null}}],"line":148},"8":{"loc":{"start":{"line":149,"column":15},"end":{"line":149,"column":null}},"type":"binary-expr","locations":[{"start":{"line":149,"column":15},"end":{"line":149,"column":46}},{"start":{"line":149,"column":46},"end":{"line":149,"column":null}}],"line":149},"9":{"loc":{"start":{"line":154,"column":4},"end":{"line":156,"column":null}},"type":"if","locations":[{"start":{"line":154,"column":4},"end":{"line":156,"column":null}},{"start":{},"end":{}}],"line":154},"10":{"loc":{"start":{"line":159,"column":4},"end":{"line":161,"column":null}},"type":"if","locations":[{"start":{"line":159,"column":4},"end":{"line":161,"column":null}},{"start":{},"end":{}}],"line":159},"11":{"loc":{"start":{"line":164,"column":4},"end":{"line":166,"column":null}},"type":"if","locations":[{"start":{"line":164,"column":4},"end":{"line":166,"column":null}},{"start":{},"end":{}}],"line":164},"12":{"loc":{"start":{"line":173,"column":4},"end":{"line":173,"column":null}},"type":"if","locations":[{"start":{"line":173,"column":4},"end":{"line":173,"column":null}},{"start":{},"end":{}}],"line":173},"13":{"loc":{"start":{"line":176,"column":6},"end":{"line":176,"column":null}},"type":"if","locations":[{"start":{"line":176,"column":6},"end":{"line":176,"column":null}},{"start":{},"end":{}}],"line":176},"14":{"loc":{"start":{"line":182,"column":4},"end":{"line":182,"column":null}},"type":"if","locations":[{"start":{"line":182,"column":4},"end":{"line":182,"column":null}},{"start":{},"end":{}}],"line":182},"15":{"loc":{"start":{"line":184,"column":6},"end":{"line":184,"column":null}},"type":"if","locations":[{"start":{"line":184,"column":6},"end":{"line":184,"column":null}},{"start":{},"end":{}}],"line":184},"16":{"loc":{"start":{"line":190,"column":4},"end":{"line":192,"column":null}},"type":"if","locations":[{"start":{"line":190,"column":4},"end":{"line":192,"column":null}},{"start":{},"end":{}}],"line":190},"17":{"loc":{"start":{"line":190,"column":8},"end":{"line":190,"column":76}},"type":"binary-expr","locations":[{"start":{"line":190,"column":8},"end":{"line":190,"column":34}},{"start":{"line":190,"column":34},"end":{"line":190,"column":76}}],"line":190},"18":{"loc":{"start":{"line":197,"column":6},"end":{"line":200,"column":null}},"type":"if","locations":[{"start":{"line":197,"column":6},"end":{"line":200,"column":null}},{"start":{},"end":{}}],"line":197},"19":{"loc":{"start":{"line":215,"column":6},"end":{"line":219,"column":null}},"type":"if","locations":[{"start":{"line":215,"column":6},"end":{"line":219,"column":null}},{"start":{"line":217,"column":13},"end":{"line":219,"column":null}}],"line":215},"20":{"loc":{"start":{"line":289,"column":11},"end":{"line":307,"column":null}},"type":"cond-expr","locations":[{"start":{"line":289,"column":36},"end":{"line":300,"column":13}},{"start":{"line":300,"column":12},"end":{"line":307,"column":null}}],"line":289},"21":{"loc":{"start":{"line":314,"column":9},"end":{"line":319,"column":null}},"type":"binary-expr","locations":[{"start":{"line":314,"column":9},"end":{"line":314,"column":null}},{"start":{"line":314,"column":9},"end":{"line":319,"column":null}}],"line":314}},"s":{"0":0,"1":0,"2":0,"3":0,"4":0,"5":0,"6":0,"7":0,"8":0,"9":0,"10":0,"11":0,"12":0,"13":0,"14":0,"15":0,"16":0,"17":0,"18":0,"19":0,"20":0,"21":0,"22":0,"23":0,"24":0,"25":0,"26":0,"27":0,"28":0,"29":0,"30":0,"31":0,"32":0,"33":0,"34":0,"35":0,"36":0,"37":0,"38":0,"39":0,"40":0,"41":0,"42":0,"43":0,"44":0,"45":0,"46":0,"47":0,"48":0,"49":0,"50":0,"51":0,"52":0,"53":0,"54":0,"55":0,"56":0,"57":0,"58":0,"59":0,"60":0,"61":0,"62":0,"63":0,"64":0,"65":0,"66":0,"67":0,"68":0,"69":0,"70":0,"71":0,"72":0,"73":0,"74":0,"75":0,"76":0,"77":0,"78":0,"79":0,"80":0,"81":0,"82":0,"83":0,"84":0,"85":0,"86":0,"87":0,"88":0,"89":0,"90":0,"91":0,"92":0,"93":0},"f":{"0":0,"1":0,"2":0,"3":0,"4":0,"5":0,"6":0,"7":0,"8":0,"9":0,"10":0,"11":0,"12":0,"13":0,"14":0,"15":0,"16":0,"17":0,"18":0,"19":0,"20":0,"21":0,"22":0,"23":0,"24":0,"25":0,"26":0,"27":0,"28":0,"29":0,"30":0,"31":0,"32":0},"b":{"0":[0,0],"1":[0,0],"2":[0,0],"3":[0,0],"4":[0,0],"5":[0,0],"6":[0,0],"7":[0,0],"8":[0,0],"9":[0,0],"10":[0,0],"11":[0,0],"12":[0,0],"13":[0,0],"14":[0,0],"15":[0,0],"16":[0,0],"17":[0,0],"18":[0,0],"19":[0,0],"20":[0,0],"21":[0,0]},"meta":{"lastBranch":22,"lastFunction":33,"lastStatement":94,"seen":{"s:27:13:40:Infinity":0,"f:28:10:28:17":0,"s:29:49:32:Infinity":1,"s:33:4:36:Infinity":2,"f:39:18:39:19":1,"s:39:28:39:Infinity":3,"f:42:9:42:Infinity":2,"s:43:33:43:Infinity":4,"s:47:17:47:Infinity":5,"s:49:2:49:Infinity":6,"s:51:47:51:Infinity":7,"s:52:47:52:Infinity":8,"s:53:53:53:Infinity":9,"s:56:49:56:Infinity":10,"s:57:49:57:Infinity":11,"s:58:8:58:Infinity":12,"s:61:39:62:Infinity":13,"b:62:4:62:28:62:28:62:Infinity":0,"s:65:4:65:72":14,"b:65:4:65:56:65:56:65:72":1,"f:65:23:65:24":3,"s:65:30:65:56":15,"s:68:29:73:Infinity":16,"s:76:23:76:Infinity":17,"s:78:8:78:Infinity":18,"s:81:29:87:Infinity":19,"f:83:13:83:Infinity":4,"s:84:23:84:Infinity":20,"s:85:6:85:Infinity":21,"s:90:8:137:Infinity":22,"f:91:16:91:23":5,"s:98:6:98:Infinity":23,"f:100:14:100:21":6,"s:102:6:104:Infinity":24,"s:106:30:109:Infinity":25,"s:111:6:117:Infinity":26,"f:113:8:113:9":7,"s:114:10:117:Infinity":27,"f:114:19:114:20":8,"s:115:12:117:Infinity":28,"b:116:16:116:Infinity:117:16:117:Infinity":2,"s:121:6:121:Infinity":29,"f:123:13:123:14":9,"b:125:6:130:Infinity:undefined:undefined:undefined:undefined":3,"s:125:6:130:Infinity":30,"s:126:8:128:Infinity":31,"f:132:15:132:Infinity":10,"s:133:6:135:Infinity":32,"s:140:8:169:Infinity":33,"f:140:34:140:Infinity":11,"s:141:17:141:34":34,"b:141:17:141:32:141:32:141:34":4,"b:144:4:151:Infinity:undefined:undefined:undefined:undefined":5,"s:144:4:151:Infinity":35,"s:145:26:145:Infinity":36,"s:146:6:150:Infinity":37,"f:146:29:146:30":12,"s:147:22:147:Infinity":38,"b:147:22:147:57:147:57:147:Infinity":6,"s:148:28:148:Infinity":39,"b:148:28:148:69:148:69:148:Infinity":7,"s:149:8:149:Infinity":40,"b:149:15:149:46:149:46:149:Infinity":8,"b:154:4:156:Infinity:undefined:undefined:undefined:undefined":9,"s:154:4:156:Infinity":41,"s:155:6:155:Infinity":42,"f:155:29:155:30":13,"s:155:38:155:74":43,"b:159:4:161:Infinity:undefined:undefined:undefined:undefined":10,"s:159:4:161:Infinity":44,"s:160:6:160:Infinity":45,"f:160:29:160:30":14,"s:160:38:160:78":46,"b:164:4:166:Infinity:undefined:undefined:undefined:undefined":11,"s:164:4:166:Infinity":47,"s:165:6:165:Infinity":48,"f:165:29:165:30":15,"s:165:38:165:78":49,"s:168:4:168:Infinity":50,"s:172:8:179:Infinity":51,"f:172:39:172:Infinity":16,"b:173:4:173:Infinity:undefined:undefined:undefined:undefined":12,"s:173:4:173:Infinity":52,"s:173:38:173:Infinity":53,"s:174:4:178:Infinity":54,"f:174:25:174:26":17,"s:175:19:175:Infinity":55,"b:176:6:176:Infinity:undefined:undefined:undefined:undefined":13,"s:176:6:176:Infinity":56,"s:176:42:176:Infinity":57,"s:177:6:177:Infinity":58,"s:181:8:187:Infinity":59,"f:181:43:181:Infinity":18,"b:182:4:182:Infinity:undefined:undefined:undefined:undefined":14,"s:182:4:182:Infinity":60,"s:182:38:182:Infinity":61,"s:183:4:186:Infinity":62,"f:183:25:183:26":19,"b:184:6:184:Infinity:undefined:undefined:undefined:undefined":15,"s:184:6:184:Infinity":63,"s:184:21:184:Infinity":64,"s:185:6:185:Infinity":65,"s:189:8:193:Infinity":66,"f:189:41:189:Infinity":20,"b:190:4:192:Infinity:undefined:undefined:undefined:undefined":16,"s:190:4:192:Infinity":67,"b:190:8:190:34:190:34:190:76":17,"s:191:6:191:Infinity":68,"s:195:8:202:Infinity":69,"f:196:4:196:5":21,"b:197:6:200:Infinity:undefined:undefined:undefined:undefined":18,"s:197:6:200:Infinity":70,"s:198:8:198:Infinity":71,"s:199:8:199:Infinity":72,"s:206:2:223:Infinity":73,"f:207:17:207:23":22,"s:207:23:207:Infinity":74,"f:208:19:208:25":23,"s:208:25:208:Infinity":75,"f:214:13:214:Infinity":24,"b:215:6:219:Infinity:217:13:219:Infinity":19,"s:215:6:219:Infinity":76,"s:216:8:216:Infinity":77,"s:218:8:218:Infinity":78,"f:221:16:221:22":25,"s:221:22:221:Infinity":79,"s:225:26:227:Infinity":80,"f:225:26:225:27":26,"s:226:4:226:Infinity":81,"s:229:28:232:Infinity":82,"f:229:28:229:29":27,"s:230:4:230:Infinity":83,"s:231:4:231:Infinity":84,"s:234:27:236:Infinity":85,"f:234:27:234:28":28,"s:235:4:235:Infinity":86,"s:238:30:240:Infinity":87,"f:238:30:238:Infinity":29,"s:242:27:246:Infinity":88,"f:242:27:242:28":30,"s:243:4:243:Infinity":89,"s:245:4:245:Infinity":90,"s:248:2:335:Infinity":91,"f:264:39:264:45":31,"s:264:45:264:Infinity":92,"b:289:36:300:13:300:12:307:Infinity":20,"b:314:9:314:Infinity:314:9:319:Infinity":21,"f:319:21:319:27":32,"s:319:27:319:Infinity":93}}}
,"/home/alistair/mochi/apps/projects/web/src/stores/projects-store.ts": {"path":"/home/alistair/mochi/apps/projects/web/src/stores/projects-store.ts","statementMap":{"0":{"start":{"line":12,"column":13},"end":{"line":27,"column":null}},"1":{"start":{"line":12,"column":66},"end":{"line":27,"column":null}},"2":{"start":{"line":18,"column":4},"end":{"line":18,"column":null}},"3":{"start":{"line":19,"column":4},"end":{"line":25,"column":null}},"4":{"start":{"line":20,"column":23},"end":{"line":20,"column":null}},"5":{"start":{"line":21,"column":23},"end":{"line":21,"column":52}},"6":{"start":{"line":22,"column":6},"end":{"line":22,"column":null}},"7":{"start":{"line":24,"column":6},"end":{"line":24,"column":null}}},"fnMap":{"0":{"name":"(anonymous_0)","decl":{"start":{"line":12,"column":56},"end":{"line":12,"column":57}},"loc":{"start":{"line":12,"column":66},"end":{"line":27,"column":null}},"line":12},"1":{"name":"(anonymous_1)","decl":{"start":{"line":17,"column":11},"end":{"line":17,"column":null}},"loc":{"start":{"line":17,"column":11},"end":{"line":26,"column":null}},"line":17}},"branchMap":{"0":{"loc":{"start":{"line":21,"column":23},"end":{"line":21,"column":52}},"type":"binary-expr","locations":[{"start":{"line":21,"column":23},"end":{"line":21,"column":50}},{"start":{"line":21,"column":50},"end":{"line":21,"column":52}}],"line":21}},"s":{"0":1,"1":1,"2":5,"3":5,"4":5,"5":4,"6":5,"7":1},"f":{"0":1,"1":5},"b":{"0":[4,1]},"meta":{"lastBranch":1,"lastFunction":2,"lastStatement":8,"seen":{"s:12:13:27:Infinity":0,"f:12:56:12:57":0,"s:12:66:27:Infinity":1,"f:17:11:17:Infinity":1,"s:18:4:18:Infinity":2,"s:19:4:25:Infinity":3,"s:20:23:20:Infinity":4,"s:21:23:21:52":5,"b:21:23:21:50:21:50:21:52":0,"s:22:6:22:Infinity":6,"s:24:6:24:Infinity":7}}}
,"/home/alistair/mochi/apps/projects/web/src/types/index.ts": {"path":"/home/alistair/mochi/apps/projects/web/src/types/index.ts","statementMap":{},"fnMap":{},"branchMap":{},"s":{},"f":{},"b":{},"meta":{"lastBranch":0,"lastFunction":0,"lastStatement":0,"seen":{}}}
}
